[Wed Jul 05 19:58:07.843595 2017] [mpm_winnt:notice] [pid 1976:tid 548] AH00455: Apache/2.4.26 (Win64) configured -- resuming normal operations
[Wed Jul 05 19:58:07.844597 2017] [mpm_winnt:notice] [pid 1976:tid 548] AH00456: Apache Lounge VC11 Server built: Jun 18 2017 13:51:19
[Wed Jul 05 19:58:07.844597 2017] [core:notice] [pid 1976:tid 548] AH00094: Command line: 'D:\\USR\\apache\\bin\\httpd.exe -d D:/USR/apache'
[Wed Jul 05 19:58:07.846101 2017] [mpm_winnt:notice] [pid 1976:tid 548] AH00418: Parent: Created child process 816
[Wed Jul 05 19:58:08.061081 2017] [mpm_winnt:notice] [pid 816:tid 448] AH00354: Child: Starting 64 worker threads.
[Wed Jul 05 19:59:00.096957 2017] [mpm_winnt:notice] [pid 1976:tid 548] AH00424: Parent: Received restart signal -- Restarting the server.
[Wed Jul 05 19:59:00.146381 2017] [mpm_winnt:notice] [pid 1976:tid 548] AH00455: Apache/2.4.26 (Win64) configured -- resuming normal operations
[Wed Jul 05 19:59:00.146381 2017] [mpm_winnt:notice] [pid 1976:tid 548] AH00456: Apache Lounge VC11 Server built: Jun 18 2017 13:51:19
[Wed Jul 05 19:59:00.146381 2017] [core:notice] [pid 1976:tid 548] AH00094: Command line: 'D:\\USR\\apache\\bin\\httpd.exe -d D:/USR/apache'
[Wed Jul 05 19:59:00.147855 2017] [mpm_winnt:notice] [pid 1976:tid 548] AH00418: Parent: Created child process 17172
[Wed Jul 05 19:59:01.097654 2017] [mpm_winnt:notice] [pid 17172:tid 4] AH00354: Child: Starting 64 worker threads.
[Wed Jul 05 19:59:02.098527 2017] [mpm_winnt:notice] [pid 816:tid 448] AH00364: Child: All worker threads have exited.
[Wed Jul 05 20:08:21.957084 2017] [mpm_winnt:notice] [pid 1976:tid 548] AH00424: Parent: Received restart signal -- Restarting the server.
[Wed Jul 05 20:08:22.024664 2017] [mpm_winnt:notice] [pid 1976:tid 548] AH00455: Apache/2.4.26 (Win64) configured -- resuming normal operations
[Wed Jul 05 20:08:22.024664 2017] [mpm_winnt:notice] [pid 1976:tid 548] AH00456: Apache Lounge VC11 Server built: Jun 18 2017 13:51:19
[Wed Jul 05 20:08:22.024664 2017] [core:notice] [pid 1976:tid 548] AH00094: Command line: 'D:\\USR\\apache\\bin\\httpd.exe -d D:/USR/apache'
[Wed Jul 05 20:08:22.026727 2017] [mpm_winnt:notice] [pid 1976:tid 548] AH00418: Parent: Created child process 19932
[Wed Jul 05 20:08:22.957340 2017] [mpm_winnt:notice] [pid 19932:tid 460] AH00354: Child: Starting 64 worker threads.
[Wed Jul 05 20:08:23.957852 2017] [mpm_winnt:notice] [pid 17172:tid 4] AH00364: Child: All worker threads have exited.
[Wed Jul 05 20:09:23.084818 2017] [mpm_winnt:notice] [pid 1976:tid 548] AH00424: Parent: Received restart signal -- Restarting the server.
[Wed Jul 05 20:09:23.144932 2017] [mpm_winnt:notice] [pid 1976:tid 548] AH00455: Apache/2.4.26 (Win64) configured -- resuming normal operations
[Wed Jul 05 20:09:23.144932 2017] [mpm_winnt:notice] [pid 1976:tid 548] AH00456: Apache Lounge VC11 Server built: Jun 18 2017 13:51:19
[Wed Jul 05 20:09:23.144932 2017] [core:notice] [pid 1976:tid 548] AH00094: Command line: 'D:\\USR\\apache\\bin\\httpd.exe -d D:/USR/apache'
[Wed Jul 05 20:09:23.146900 2017] [mpm_winnt:notice] [pid 1976:tid 548] AH00418: Parent: Created child process 19076
[Wed Jul 05 20:09:24.085203 2017] [mpm_winnt:notice] [pid 19076:tid 452] AH00354: Child: Starting 64 worker threads.
[Wed Jul 05 20:09:25.085446 2017] [mpm_winnt:notice] [pid 19932:tid 460] AH00364: Child: All worker threads have exited.
[Wed Jul 05 20:11:40.560687 2017] [mpm_winnt:notice] [pid 1976:tid 548] AH00424: Parent: Received restart signal -- Restarting the server.
[Wed Jul 05 20:11:40.647101 2017] [mpm_winnt:notice] [pid 1976:tid 548] AH00455: Apache/2.4.26 (Win64) configured -- resuming normal operations
[Wed Jul 05 20:11:40.647101 2017] [mpm_winnt:notice] [pid 1976:tid 548] AH00456: Apache Lounge VC11 Server built: Jun 18 2017 13:51:19
[Wed Jul 05 20:11:40.647101 2017] [core:notice] [pid 1976:tid 548] AH00094: Command line: 'D:\\USR\\apache\\bin\\httpd.exe -d D:/USR/apache'
[Wed Jul 05 20:11:40.649266 2017] [mpm_winnt:notice] [pid 1976:tid 548] AH00418: Parent: Created child process 18308
[Wed Jul 05 20:11:41.561402 2017] [mpm_winnt:notice] [pid 18308:tid 144] AH00354: Child: Starting 64 worker threads.
[Wed Jul 05 20:11:42.561581 2017] [mpm_winnt:notice] [pid 19076:tid 452] AH00364: Child: All worker threads have exited.
[Wed Jul 05 20:17:21.748246 2017] [mpm_winnt:notice] [pid 1976:tid 548] AH00424: Parent: Received restart signal -- Restarting the server.
PHP Warning:  PHP Startup: Unable to load dynamic library 'C:\\php\\ext\\php_mysql.dll' - \xef\xbf\xbd\xef\xbf\xbd \xef\xbf\xbd\xef\xbf\xbd\xef\xbf\xbd\xef\xbf\xbd\xef\xbf\xbd\xef\xbf\xbd \xef\xbf\xbd\xef\xbf\xbd\xef\xbf\xbd\xef\xbf\xbd\xef\xbf\xbd\xef\xbf\xbd\xef\xbf\xbd\xef\xbf\xbd \xef\xbf\xbd\xef\xbf\xbd\xef\xbf\xbd\xef\xbf\xbd\xef\xbf\xbd.\r\n in Unknown on line 0
PHP Warning:  PHP Startup: Unable to load dynamic library 'C:\\php\\ext\\php_mysqli.dll' - \xef\xbf\xbd\xef\xbf\xbd \xef\xbf\xbd\xef\xbf\xbd\xef\xbf\xbd\xef\xbf\xbd\xef\xbf\xbd\xef\xbf\xbd \xef\xbf\xbd\xef\xbf\xbd\xef\xbf\xbd\xef\xbf\xbd\xef\xbf\xbd\xef\xbf\xbd\xef\xbf\xbd\xef\xbf\xbd \xef\xbf\xbd\xef\xbf\xbd\xef\xbf\xbd\xef\xbf\xbd\xef\xbf\xbd.\r\n in Unknown on line 0
PHP Warning:  PHP Startup: Unable to load dynamic library 'C:\\php\\ext\\php_openssl.dll' - \xef\xbf\xbd\xef\xbf\xbd \xef\xbf\xbd\xef\xbf\xbd\xef\xbf\xbd\xef\xbf\xbd\xef\xbf\xbd\xef\xbf\xbd \xef\xbf\xbd\xef\xbf\xbd\xef\xbf\xbd\xef\xbf\xbd\xef\xbf\xbd\xef\xbf\xbd\xef\xbf\xbd\xef\xbf\xbd \xef\xbf\xbd\xef\xbf\xbd\xef\xbf\xbd\xef\xbf\xbd\xef\xbf\xbd.\r\n in Unknown on line 0
[Wed Jul 05 20:17:21.798120 2017] [mpm_winnt:notice] [pid 1976:tid 548] AH00455: Apache/2.4.26 (Win64) PHP/5.6.30 configured -- resuming normal operations
[Wed Jul 05 20:17:21.798120 2017] [mpm_winnt:notice] [pid 1976:tid 548] AH00456: Apache Lounge VC11 Server built: Jun 18 2017 13:51:19
[Wed Jul 05 20:17:21.798120 2017] [core:notice] [pid 1976:tid 548] AH00094: Command line: 'D:\\USR\\apache\\bin\\httpd.exe -d D:/USR/apache'
[Wed Jul 05 20:17:21.799623 2017] [mpm_winnt:notice] [pid 1976:tid 548] AH00418: Parent: Created child process 2264
PHP Warning:  PHP Startup: Unable to load dynamic library 'C:\\php\\ext\\php_mysql.dll' - \xef\xbf\xbd\xef\xbf\xbd \xef\xbf\xbd\xef\xbf\xbd\xef\xbf\xbd\xef\xbf\xbd\xef\xbf\xbd\xef\xbf\xbd \xef\xbf\xbd\xef\xbf\xbd\xef\xbf\xbd\xef\xbf\xbd\xef\xbf\xbd\xef\xbf\xbd\xef\xbf\xbd\xef\xbf\xbd \xef\xbf\xbd\xef\xbf\xbd\xef\xbf\xbd\xef\xbf\xbd\xef\xbf\xbd.\r\n in Unknown on line 0
PHP Warning:  PHP Startup: Unable to load dynamic library 'C:\\php\\ext\\php_mysqli.dll' - \xef\xbf\xbd\xef\xbf\xbd \xef\xbf\xbd\xef\xbf\xbd\xef\xbf\xbd\xef\xbf\xbd\xef\xbf\xbd\xef\xbf\xbd \xef\xbf\xbd\xef\xbf\xbd\xef\xbf\xbd\xef\xbf\xbd\xef\xbf\xbd\xef\xbf\xbd\xef\xbf\xbd\xef\xbf\xbd \xef\xbf\xbd\xef\xbf\xbd\xef\xbf\xbd\xef\xbf\xbd\xef\xbf\xbd.\r\n in Unknown on line 0
PHP Warning:  PHP Startup: Unable to load dynamic library 'C:\\php\\ext\\php_openssl.dll' - \xef\xbf\xbd\xef\xbf\xbd \xef\xbf\xbd\xef\xbf\xbd\xef\xbf\xbd\xef\xbf\xbd\xef\xbf\xbd\xef\xbf\xbd \xef\xbf\xbd\xef\xbf\xbd\xef\xbf\xbd\xef\xbf\xbd\xef\xbf\xbd\xef\xbf\xbd\xef\xbf\xbd\xef\xbf\xbd \xef\xbf\xbd\xef\xbf\xbd\xef\xbf\xbd\xef\xbf\xbd\xef\xbf\xbd.\r\n in Unknown on line 0
[Wed Jul 05 20:17:22.748806 2017] [mpm_winnt:notice] [pid 2264:tid 148] AH00354: Child: Starting 64 worker threads.
[Wed Jul 05 20:17:23.749393 2017] [mpm_winnt:notice] [pid 18308:tid 144] AH00364: Child: All worker threads have exited.
[Wed Jul 05 20:19:18.828700 2017] [mpm_winnt:notice] [pid 1976:tid 548] AH00424: Parent: Received restart signal -- Restarting the server.
PHP Warning:  PHP Startup: Unable to load dynamic library 'C:\\php\\ext\\php_mysql.dll' - \xef\xbf\xbd\xef\xbf\xbd \xef\xbf\xbd\xef\xbf\xbd\xef\xbf\xbd\xef\xbf\xbd\xef\xbf\xbd\xef\xbf\xbd \xef\xbf\xbd\xef\xbf\xbd\xef\xbf\xbd\xef\xbf\xbd\xef\xbf\xbd\xef\xbf\xbd\xef\xbf\xbd\xef\xbf\xbd \xef\xbf\xbd\xef\xbf\xbd\xef\xbf\xbd\xef\xbf\xbd\xef\xbf\xbd.\r\n in Unknown on line 0
PHP Warning:  PHP Startup: Unable to load dynamic library 'C:\\php\\ext\\php_mysqli.dll' - \xef\xbf\xbd\xef\xbf\xbd \xef\xbf\xbd\xef\xbf\xbd\xef\xbf\xbd\xef\xbf\xbd\xef\xbf\xbd\xef\xbf\xbd \xef\xbf\xbd\xef\xbf\xbd\xef\xbf\xbd\xef\xbf\xbd\xef\xbf\xbd\xef\xbf\xbd\xef\xbf\xbd\xef\xbf\xbd \xef\xbf\xbd\xef\xbf\xbd\xef\xbf\xbd\xef\xbf\xbd\xef\xbf\xbd.\r\n in Unknown on line 0
PHP Warning:  PHP Startup: Unable to load dynamic library 'C:\\php\\ext\\php_openssl.dll' - \xef\xbf\xbd\xef\xbf\xbd \xef\xbf\xbd\xef\xbf\xbd\xef\xbf\xbd\xef\xbf\xbd\xef\xbf\xbd\xef\xbf\xbd \xef\xbf\xbd\xef\xbf\xbd\xef\xbf\xbd\xef\xbf\xbd\xef\xbf\xbd\xef\xbf\xbd\xef\xbf\xbd\xef\xbf\xbd \xef\xbf\xbd\xef\xbf\xbd\xef\xbf\xbd\xef\xbf\xbd\xef\xbf\xbd.\r\n in Unknown on line 0
[Wed Jul 05 20:19:18.873271 2017] [mpm_winnt:notice] [pid 1976:tid 548] AH00455: Apache/2.4.26 (Win64) PHP/5.6.30 configured -- resuming normal operations
[Wed Jul 05 20:19:18.873271 2017] [mpm_winnt:notice] [pid 1976:tid 548] AH00456: Apache Lounge VC11 Server built: Jun 18 2017 13:51:19
[Wed Jul 05 20:19:18.873271 2017] [core:notice] [pid 1976:tid 548] AH00094: Command line: 'D:\\USR\\apache\\bin\\httpd.exe -d D:/USR/apache'
[Wed Jul 05 20:19:18.875089 2017] [mpm_winnt:notice] [pid 1976:tid 548] AH00418: Parent: Created child process 4156
PHP Warning:  PHP Startup: Unable to load dynamic library 'C:\\php\\ext\\php_mysql.dll' - \xef\xbf\xbd\xef\xbf\xbd \xef\xbf\xbd\xef\xbf\xbd\xef\xbf\xbd\xef\xbf\xbd\xef\xbf\xbd\xef\xbf\xbd \xef\xbf\xbd\xef\xbf\xbd\xef\xbf\xbd\xef\xbf\xbd\xef\xbf\xbd\xef\xbf\xbd\xef\xbf\xbd\xef\xbf\xbd \xef\xbf\xbd\xef\xbf\xbd\xef\xbf\xbd\xef\xbf\xbd\xef\xbf\xbd.\r\n in Unknown on line 0
PHP Warning:  PHP Startup: Unable to load dynamic library 'C:\\php\\ext\\php_mysqli.dll' - \xef\xbf\xbd\xef\xbf\xbd \xef\xbf\xbd\xef\xbf\xbd\xef\xbf\xbd\xef\xbf\xbd\xef\xbf\xbd\xef\xbf\xbd \xef\xbf\xbd\xef\xbf\xbd\xef\xbf\xbd\xef\xbf\xbd\xef\xbf\xbd\xef\xbf\xbd\xef\xbf\xbd\xef\xbf\xbd \xef\xbf\xbd\xef\xbf\xbd\xef\xbf\xbd\xef\xbf\xbd\xef\xbf\xbd.\r\n in Unknown on line 0
PHP Warning:  PHP Startup: Unable to load dynamic library 'C:\\php\\ext\\php_openssl.dll' - \xef\xbf\xbd\xef\xbf\xbd \xef\xbf\xbd\xef\xbf\xbd\xef\xbf\xbd\xef\xbf\xbd\xef\xbf\xbd\xef\xbf\xbd \xef\xbf\xbd\xef\xbf\xbd\xef\xbf\xbd\xef\xbf\xbd\xef\xbf\xbd\xef\xbf\xbd\xef\xbf\xbd\xef\xbf\xbd \xef\xbf\xbd\xef\xbf\xbd\xef\xbf\xbd\xef\xbf\xbd\xef\xbf\xbd.\r\n in Unknown on line 0
[Wed Jul 05 20:19:19.829001 2017] [mpm_winnt:notice] [pid 4156:tid 424] AH00354: Child: Starting 64 worker threads.
[Wed Jul 05 20:19:20.829603 2017] [mpm_winnt:notice] [pid 2264:tid 148] AH00364: Child: All worker threads have exited.
[Wed Jul 05 20:21:46.264368 2017] [mpm_winnt:notice] [pid 1976:tid 548] AH00424: Parent: Received restart signal -- Restarting the server.
PHP Warning:  PHP Startup: Unable to load dynamic library 'C:\\php\\ext\\php_mysql.dll' - \xef\xbf\xbd\xef\xbf\xbd \xef\xbf\xbd\xef\xbf\xbd\xef\xbf\xbd\xef\xbf\xbd\xef\xbf\xbd\xef\xbf\xbd \xef\xbf\xbd\xef\xbf\xbd\xef\xbf\xbd\xef\xbf\xbd\xef\xbf\xbd\xef\xbf\xbd\xef\xbf\xbd\xef\xbf\xbd \xef\xbf\xbd\xef\xbf\xbd\xef\xbf\xbd\xef\xbf\xbd\xef\xbf\xbd.\r\n in Unknown on line 0
PHP Warning:  PHP Startup: Unable to load dynamic library 'C:\\php\\ext\\php_mysqli.dll' - \xef\xbf\xbd\xef\xbf\xbd \xef\xbf\xbd\xef\xbf\xbd\xef\xbf\xbd\xef\xbf\xbd\xef\xbf\xbd\xef\xbf\xbd \xef\xbf\xbd\xef\xbf\xbd\xef\xbf\xbd\xef\xbf\xbd\xef\xbf\xbd\xef\xbf\xbd\xef\xbf\xbd\xef\xbf\xbd \xef\xbf\xbd\xef\xbf\xbd\xef\xbf\xbd\xef\xbf\xbd\xef\xbf\xbd.\r\n in Unknown on line 0
PHP Warning:  PHP Startup: Unable to load dynamic library 'C:\\php\\ext\\php_openssl.dll' - \xef\xbf\xbd\xef\xbf\xbd \xef\xbf\xbd\xef\xbf\xbd\xef\xbf\xbd\xef\xbf\xbd\xef\xbf\xbd\xef\xbf\xbd \xef\xbf\xbd\xef\xbf\xbd\xef\xbf\xbd\xef\xbf\xbd\xef\xbf\xbd\xef\xbf\xbd\xef\xbf\xbd\xef\xbf\xbd \xef\xbf\xbd\xef\xbf\xbd\xef\xbf\xbd\xef\xbf\xbd\xef\xbf\xbd.\r\n in Unknown on line 0
[Wed Jul 05 20:21:46.332145 2017] [mpm_winnt:notice] [pid 1976:tid 548] AH00455: Apache/2.4.26 (Win64) PHP/5.6.30 configured -- resuming normal operations
[Wed Jul 05 20:21:46.332145 2017] [mpm_winnt:notice] [pid 1976:tid 548] AH00456: Apache Lounge VC11 Server built: Jun 18 2017 13:51:19
[Wed Jul 05 20:21:46.332145 2017] [core:notice] [pid 1976:tid 548] AH00094: Command line: 'D:\\USR\\apache\\bin\\httpd.exe -d D:/USR/apache'
[Wed Jul 05 20:21:46.333672 2017] [mpm_winnt:notice] [pid 1976:tid 548] AH00418: Parent: Created child process 17712
PHP Warning:  PHP Startup: Unable to load dynamic library 'C:\\php\\ext\\php_mysql.dll' - \xef\xbf\xbd\xef\xbf\xbd \xef\xbf\xbd\xef\xbf\xbd\xef\xbf\xbd\xef\xbf\xbd\xef\xbf\xbd\xef\xbf\xbd \xef\xbf\xbd\xef\xbf\xbd\xef\xbf\xbd\xef\xbf\xbd\xef\xbf\xbd\xef\xbf\xbd\xef\xbf\xbd\xef\xbf\xbd \xef\xbf\xbd\xef\xbf\xbd\xef\xbf\xbd\xef\xbf\xbd\xef\xbf\xbd.\r\n in Unknown on line 0
PHP Warning:  PHP Startup: Unable to load dynamic library 'C:\\php\\ext\\php_mysqli.dll' - \xef\xbf\xbd\xef\xbf\xbd \xef\xbf\xbd\xef\xbf\xbd\xef\xbf\xbd\xef\xbf\xbd\xef\xbf\xbd\xef\xbf\xbd \xef\xbf\xbd\xef\xbf\xbd\xef\xbf\xbd\xef\xbf\xbd\xef\xbf\xbd\xef\xbf\xbd\xef\xbf\xbd\xef\xbf\xbd \xef\xbf\xbd\xef\xbf\xbd\xef\xbf\xbd\xef\xbf\xbd\xef\xbf\xbd.\r\n in Unknown on line 0
PHP Warning:  PHP Startup: Unable to load dynamic library 'C:\\php\\ext\\php_openssl.dll' - \xef\xbf\xbd\xef\xbf\xbd \xef\xbf\xbd\xef\xbf\xbd\xef\xbf\xbd\xef\xbf\xbd\xef\xbf\xbd\xef\xbf\xbd \xef\xbf\xbd\xef\xbf\xbd\xef\xbf\xbd\xef\xbf\xbd\xef\xbf\xbd\xef\xbf\xbd\xef\xbf\xbd\xef\xbf\xbd \xef\xbf\xbd\xef\xbf\xbd\xef\xbf\xbd\xef\xbf\xbd\xef\xbf\xbd.\r\n in Unknown on line 0
[Wed Jul 05 20:21:47.265964 2017] [mpm_winnt:notice] [pid 17712:tid 492] AH00354: Child: Starting 64 worker threads.
[Wed Jul 05 20:21:48.266640 2017] [mpm_winnt:notice] [pid 4156:tid 424] AH00364: Child: All worker threads have exited.
[Wed Jul 05 20:22:47.504015 2017] [:error] [pid 17712:tid 1088] [client ::1:14453] PHP Warning:  phpinfo(): It is not safe to rely on the system's timezone settings. You are *required* to use the date.timezone setting or the date_default_timezone_set() function. In case you used any of those methods and you are still getting this warning, you most likely misspelled the timezone identifier. We selected the timezone 'UTC' for now, but please set date.timezone to select your timezone. in D:\\USR\\www\\index.php on line 1
[Wed Jul 05 20:30:24.568502 2017] [mpm_winnt:notice] [pid 1976:tid 548] AH00424: Parent: Received restart signal -- Restarting the server.
PHP Warning:  PHP Startup: Unable to load dynamic library 'C:\\php\\ext\\php_mysql.dll' - \xef\xbf\xbd\xef\xbf\xbd \xef\xbf\xbd\xef\xbf\xbd\xef\xbf\xbd\xef\xbf\xbd\xef\xbf\xbd\xef\xbf\xbd \xef\xbf\xbd\xef\xbf\xbd\xef\xbf\xbd\xef\xbf\xbd\xef\xbf\xbd\xef\xbf\xbd\xef\xbf\xbd\xef\xbf\xbd \xef\xbf\xbd\xef\xbf\xbd\xef\xbf\xbd\xef\xbf\xbd\xef\xbf\xbd.\r\n in Unknown on line 0
PHP Warning:  PHP Startup: Unable to load dynamic library 'C:\\php\\ext\\php_mysqli.dll' - \xef\xbf\xbd\xef\xbf\xbd \xef\xbf\xbd\xef\xbf\xbd\xef\xbf\xbd\xef\xbf\xbd\xef\xbf\xbd\xef\xbf\xbd \xef\xbf\xbd\xef\xbf\xbd\xef\xbf\xbd\xef\xbf\xbd\xef\xbf\xbd\xef\xbf\xbd\xef\xbf\xbd\xef\xbf\xbd \xef\xbf\xbd\xef\xbf\xbd\xef\xbf\xbd\xef\xbf\xbd\xef\xbf\xbd.\r\n in Unknown on line 0
PHP Warning:  PHP Startup: Unable to load dynamic library 'C:\\php\\ext\\php_openssl.dll' - \xef\xbf\xbd\xef\xbf\xbd \xef\xbf\xbd\xef\xbf\xbd\xef\xbf\xbd\xef\xbf\xbd\xef\xbf\xbd\xef\xbf\xbd \xef\xbf\xbd\xef\xbf\xbd\xef\xbf\xbd\xef\xbf\xbd\xef\xbf\xbd\xef\xbf\xbd\xef\xbf\xbd\xef\xbf\xbd \xef\xbf\xbd\xef\xbf\xbd\xef\xbf\xbd\xef\xbf\xbd\xef\xbf\xbd.\r\n in Unknown on line 0
[Wed Jul 05 20:30:24.655241 2017] [mpm_winnt:notice] [pid 1976:tid 548] AH00455: Apache/2.4.26 (Win64) PHP/5.6.30 configured -- resuming normal operations
[Wed Jul 05 20:30:24.655241 2017] [mpm_winnt:notice] [pid 1976:tid 548] AH00456: Apache Lounge VC11 Server built: Jun 18 2017 13:51:19
[Wed Jul 05 20:30:24.655241 2017] [core:notice] [pid 1976:tid 548] AH00094: Command line: 'D:\\USR\\apache\\bin\\httpd.exe -d D:/USR/apache'
[Wed Jul 05 20:30:24.656911 2017] [mpm_winnt:notice] [pid 1976:tid 548] AH00418: Parent: Created child process 18028
PHP Warning:  PHP Startup: Unable to load dynamic library 'C:\\php\\ext\\php_mysql.dll' - \xef\xbf\xbd\xef\xbf\xbd \xef\xbf\xbd\xef\xbf\xbd\xef\xbf\xbd\xef\xbf\xbd\xef\xbf\xbd\xef\xbf\xbd \xef\xbf\xbd\xef\xbf\xbd\xef\xbf\xbd\xef\xbf\xbd\xef\xbf\xbd\xef\xbf\xbd\xef\xbf\xbd\xef\xbf\xbd \xef\xbf\xbd\xef\xbf\xbd\xef\xbf\xbd\xef\xbf\xbd\xef\xbf\xbd.\r\n in Unknown on line 0
PHP Warning:  PHP Startup: Unable to load dynamic library 'C:\\php\\ext\\php_mysqli.dll' - \xef\xbf\xbd\xef\xbf\xbd \xef\xbf\xbd\xef\xbf\xbd\xef\xbf\xbd\xef\xbf\xbd\xef\xbf\xbd\xef\xbf\xbd \xef\xbf\xbd\xef\xbf\xbd\xef\xbf\xbd\xef\xbf\xbd\xef\xbf\xbd\xef\xbf\xbd\xef\xbf\xbd\xef\xbf\xbd \xef\xbf\xbd\xef\xbf\xbd\xef\xbf\xbd\xef\xbf\xbd\xef\xbf\xbd.\r\n in Unknown on line 0
PHP Warning:  PHP Startup: Unable to load dynamic library 'C:\\php\\ext\\php_openssl.dll' - \xef\xbf\xbd\xef\xbf\xbd \xef\xbf\xbd\xef\xbf\xbd\xef\xbf\xbd\xef\xbf\xbd\xef\xbf\xbd\xef\xbf\xbd \xef\xbf\xbd\xef\xbf\xbd\xef\xbf\xbd\xef\xbf\xbd\xef\xbf\xbd\xef\xbf\xbd\xef\xbf\xbd\xef\xbf\xbd \xef\xbf\xbd\xef\xbf\xbd\xef\xbf\xbd\xef\xbf\xbd\xef\xbf\xbd.\r\n in Unknown on line 0
[Wed Jul 05 20:30:25.569040 2017] [mpm_winnt:notice] [pid 18028:tid 4] AH00354: Child: Starting 64 worker threads.
[Wed Jul 05 20:30:28.674515 2017] [mpm_winnt:notice] [pid 17712:tid 492] AH00364: Child: All worker threads have exited.
[Wed Jul 05 20:31:33.840515 2017] [mpm_winnt:notice] [pid 1976:tid 548] AH00424: Parent: Received restart signal -- Restarting the server.
PHP Warning:  PHP Startup: Unable to load dynamic library 'C:\\php\\ext\\php_mysql.dll' - \xef\xbf\xbd\xef\xbf\xbd \xef\xbf\xbd\xef\xbf\xbd\xef\xbf\xbd\xef\xbf\xbd\xef\xbf\xbd\xef\xbf\xbd \xef\xbf\xbd\xef\xbf\xbd\xef\xbf\xbd\xef\xbf\xbd\xef\xbf\xbd\xef\xbf\xbd\xef\xbf\xbd\xef\xbf\xbd \xef\xbf\xbd\xef\xbf\xbd\xef\xbf\xbd\xef\xbf\xbd\xef\xbf\xbd.\r\n in Unknown on line 0
PHP Warning:  PHP Startup: Unable to load dynamic library 'C:\\php\\ext\\php_mysqli.dll' - \xef\xbf\xbd\xef\xbf\xbd \xef\xbf\xbd\xef\xbf\xbd\xef\xbf\xbd\xef\xbf\xbd\xef\xbf\xbd\xef\xbf\xbd \xef\xbf\xbd\xef\xbf\xbd\xef\xbf\xbd\xef\xbf\xbd\xef\xbf\xbd\xef\xbf\xbd\xef\xbf\xbd\xef\xbf\xbd \xef\xbf\xbd\xef\xbf\xbd\xef\xbf\xbd\xef\xbf\xbd\xef\xbf\xbd.\r\n in Unknown on line 0
PHP Warning:  PHP Startup: Unable to load dynamic library 'C:\\php\\ext\\php_openssl.dll' - \xef\xbf\xbd\xef\xbf\xbd \xef\xbf\xbd\xef\xbf\xbd\xef\xbf\xbd\xef\xbf\xbd\xef\xbf\xbd\xef\xbf\xbd \xef\xbf\xbd\xef\xbf\xbd\xef\xbf\xbd\xef\xbf\xbd\xef\xbf\xbd\xef\xbf\xbd\xef\xbf\xbd\xef\xbf\xbd \xef\xbf\xbd\xef\xbf\xbd\xef\xbf\xbd\xef\xbf\xbd\xef\xbf\xbd.\r\n in Unknown on line 0
[Wed Jul 05 20:31:33.918128 2017] [mpm_winnt:notice] [pid 1976:tid 548] AH00455: Apache/2.4.26 (Win64) PHP/5.6.30 configured -- resuming normal operations
[Wed Jul 05 20:31:33.918128 2017] [mpm_winnt:notice] [pid 1976:tid 548] AH00456: Apache Lounge VC11 Server built: Jun 18 2017 13:51:19
[Wed Jul 05 20:31:33.918128 2017] [core:notice] [pid 1976:tid 548] AH00094: Command line: 'D:\\USR\\apache\\bin\\httpd.exe -d D:/USR/apache'
[Wed Jul 05 20:31:33.920029 2017] [mpm_winnt:notice] [pid 1976:tid 548] AH00418: Parent: Created child process 18360
PHP Warning:  PHP Startup: Unable to load dynamic library 'C:\\php\\ext\\php_mysql.dll' - \xef\xbf\xbd\xef\xbf\xbd \xef\xbf\xbd\xef\xbf\xbd\xef\xbf\xbd\xef\xbf\xbd\xef\xbf\xbd\xef\xbf\xbd \xef\xbf\xbd\xef\xbf\xbd\xef\xbf\xbd\xef\xbf\xbd\xef\xbf\xbd\xef\xbf\xbd\xef\xbf\xbd\xef\xbf\xbd \xef\xbf\xbd\xef\xbf\xbd\xef\xbf\xbd\xef\xbf\xbd\xef\xbf\xbd.\r\n in Unknown on line 0
PHP Warning:  PHP Startup: Unable to load dynamic library 'C:\\php\\ext\\php_mysqli.dll' - \xef\xbf\xbd\xef\xbf\xbd \xef\xbf\xbd\xef\xbf\xbd\xef\xbf\xbd\xef\xbf\xbd\xef\xbf\xbd\xef\xbf\xbd \xef\xbf\xbd\xef\xbf\xbd\xef\xbf\xbd\xef\xbf\xbd\xef\xbf\xbd\xef\xbf\xbd\xef\xbf\xbd\xef\xbf\xbd \xef\xbf\xbd\xef\xbf\xbd\xef\xbf\xbd\xef\xbf\xbd\xef\xbf\xbd.\r\n in Unknown on line 0
PHP Warning:  PHP Startup: Unable to load dynamic library 'C:\\php\\ext\\php_openssl.dll' - \xef\xbf\xbd\xef\xbf\xbd \xef\xbf\xbd\xef\xbf\xbd\xef\xbf\xbd\xef\xbf\xbd\xef\xbf\xbd\xef\xbf\xbd \xef\xbf\xbd\xef\xbf\xbd\xef\xbf\xbd\xef\xbf\xbd\xef\xbf\xbd\xef\xbf\xbd\xef\xbf\xbd\xef\xbf\xbd \xef\xbf\xbd\xef\xbf\xbd\xef\xbf\xbd\xef\xbf\xbd\xef\xbf\xbd.\r\n in Unknown on line 0
[Wed Jul 05 20:31:34.840939 2017] [mpm_winnt:notice] [pid 18360:tid 544] AH00354: Child: Starting 64 worker threads.
[Wed Jul 05 20:31:39.465647 2017] [mpm_winnt:notice] [pid 18028:tid 4] AH00364: Child: All worker threads have exited.
[Wed Jul 05 20:31:48.574568 2017] [mpm_winnt:notice] [pid 1976:tid 548] AH00424: Parent: Received restart signal -- Restarting the server.
PHP Warning:  PHP Startup: Unable to load dynamic library 'C:\\php\\ext\\php_mysql.dll' - \xef\xbf\xbd\xef\xbf\xbd \xef\xbf\xbd\xef\xbf\xbd\xef\xbf\xbd\xef\xbf\xbd\xef\xbf\xbd\xef\xbf\xbd \xef\xbf\xbd\xef\xbf\xbd\xef\xbf\xbd\xef\xbf\xbd\xef\xbf\xbd\xef\xbf\xbd\xef\xbf\xbd\xef\xbf\xbd \xef\xbf\xbd\xef\xbf\xbd\xef\xbf\xbd\xef\xbf\xbd\xef\xbf\xbd.\r\n in Unknown on line 0
PHP Warning:  PHP Startup: Unable to load dynamic library 'C:\\php\\ext\\php_mysqli.dll' - \xef\xbf\xbd\xef\xbf\xbd \xef\xbf\xbd\xef\xbf\xbd\xef\xbf\xbd\xef\xbf\xbd\xef\xbf\xbd\xef\xbf\xbd \xef\xbf\xbd\xef\xbf\xbd\xef\xbf\xbd\xef\xbf\xbd\xef\xbf\xbd\xef\xbf\xbd\xef\xbf\xbd\xef\xbf\xbd \xef\xbf\xbd\xef\xbf\xbd\xef\xbf\xbd\xef\xbf\xbd\xef\xbf\xbd.\r\n in Unknown on line 0
PHP Warning:  PHP Startup: Unable to load dynamic library 'C:\\php\\ext\\php_openssl.dll' - \xef\xbf\xbd\xef\xbf\xbd \xef\xbf\xbd\xef\xbf\xbd\xef\xbf\xbd\xef\xbf\xbd\xef\xbf\xbd\xef\xbf\xbd \xef\xbf\xbd\xef\xbf\xbd\xef\xbf\xbd\xef\xbf\xbd\xef\xbf\xbd\xef\xbf\xbd\xef\xbf\xbd\xef\xbf\xbd \xef\xbf\xbd\xef\xbf\xbd\xef\xbf\xbd\xef\xbf\xbd\xef\xbf\xbd.\r\n in Unknown on line 0
[Wed Jul 05 20:31:48.659282 2017] [mpm_winnt:notice] [pid 1976:tid 548] AH00455: Apache/2.4.26 (Win64) PHP/5.6.30 configured -- resuming normal operations
[Wed Jul 05 20:31:48.659282 2017] [mpm_winnt:notice] [pid 1976:tid 548] AH00456: Apache Lounge VC11 Server built: Jun 18 2017 13:51:19
[Wed Jul 05 20:31:48.659282 2017] [core:notice] [pid 1976:tid 548] AH00094: Command line: 'D:\\USR\\apache\\bin\\httpd.exe -d D:/USR/apache'
[Wed Jul 05 20:31:48.660732 2017] [mpm_winnt:notice] [pid 1976:tid 548] AH00418: Parent: Created child process 6484
PHP Warning:  PHP Startup: Unable to load dynamic library 'C:\\php\\ext\\php_mysql.dll' - \xef\xbf\xbd\xef\xbf\xbd \xef\xbf\xbd\xef\xbf\xbd\xef\xbf\xbd\xef\xbf\xbd\xef\xbf\xbd\xef\xbf\xbd \xef\xbf\xbd\xef\xbf\xbd\xef\xbf\xbd\xef\xbf\xbd\xef\xbf\xbd\xef\xbf\xbd\xef\xbf\xbd\xef\xbf\xbd \xef\xbf\xbd\xef\xbf\xbd\xef\xbf\xbd\xef\xbf\xbd\xef\xbf\xbd.\r\n in Unknown on line 0
PHP Warning:  PHP Startup: Unable to load dynamic library 'C:\\php\\ext\\php_mysqli.dll' - \xef\xbf\xbd\xef\xbf\xbd \xef\xbf\xbd\xef\xbf\xbd\xef\xbf\xbd\xef\xbf\xbd\xef\xbf\xbd\xef\xbf\xbd \xef\xbf\xbd\xef\xbf\xbd\xef\xbf\xbd\xef\xbf\xbd\xef\xbf\xbd\xef\xbf\xbd\xef\xbf\xbd\xef\xbf\xbd \xef\xbf\xbd\xef\xbf\xbd\xef\xbf\xbd\xef\xbf\xbd\xef\xbf\xbd.\r\n in Unknown on line 0
PHP Warning:  PHP Startup: Unable to load dynamic library 'C:\\php\\ext\\php_openssl.dll' - \xef\xbf\xbd\xef\xbf\xbd \xef\xbf\xbd\xef\xbf\xbd\xef\xbf\xbd\xef\xbf\xbd\xef\xbf\xbd\xef\xbf\xbd \xef\xbf\xbd\xef\xbf\xbd\xef\xbf\xbd\xef\xbf\xbd\xef\xbf\xbd\xef\xbf\xbd\xef\xbf\xbd\xef\xbf\xbd \xef\xbf\xbd\xef\xbf\xbd\xef\xbf\xbd\xef\xbf\xbd\xef\xbf\xbd.\r\n in Unknown on line 0
[Wed Jul 05 20:31:49.575117 2017] [mpm_winnt:notice] [pid 6484:tid 556] AH00354: Child: Starting 64 worker threads.
[Wed Jul 05 20:31:50.575236 2017] [mpm_winnt:notice] [pid 18360:tid 544] AH00364: Child: All worker threads have exited.
[Wed Jul 05 20:32:06.440942 2017] [mpm_winnt:notice] [pid 1976:tid 548] AH00424: Parent: Received restart signal -- Restarting the server.
PHP Warning:  PHP Startup: Unable to load dynamic library 'C:\\php\\ext\\php_mysql.dll' - \xef\xbf\xbd\xef\xbf\xbd \xef\xbf\xbd\xef\xbf\xbd\xef\xbf\xbd\xef\xbf\xbd\xef\xbf\xbd\xef\xbf\xbd \xef\xbf\xbd\xef\xbf\xbd\xef\xbf\xbd\xef\xbf\xbd\xef\xbf\xbd\xef\xbf\xbd\xef\xbf\xbd\xef\xbf\xbd \xef\xbf\xbd\xef\xbf\xbd\xef\xbf\xbd\xef\xbf\xbd\xef\xbf\xbd.\r\n in Unknown on line 0
PHP Warning:  PHP Startup: Unable to load dynamic library 'C:\\php\\ext\\php_mysqli.dll' - \xef\xbf\xbd\xef\xbf\xbd \xef\xbf\xbd\xef\xbf\xbd\xef\xbf\xbd\xef\xbf\xbd\xef\xbf\xbd\xef\xbf\xbd \xef\xbf\xbd\xef\xbf\xbd\xef\xbf\xbd\xef\xbf\xbd\xef\xbf\xbd\xef\xbf\xbd\xef\xbf\xbd\xef\xbf\xbd \xef\xbf\xbd\xef\xbf\xbd\xef\xbf\xbd\xef\xbf\xbd\xef\xbf\xbd.\r\n in Unknown on line 0
PHP Warning:  PHP Startup: Unable to load dynamic library 'C:\\php\\ext\\php_openssl.dll' - \xef\xbf\xbd\xef\xbf\xbd \xef\xbf\xbd\xef\xbf\xbd\xef\xbf\xbd\xef\xbf\xbd\xef\xbf\xbd\xef\xbf\xbd \xef\xbf\xbd\xef\xbf\xbd\xef\xbf\xbd\xef\xbf\xbd\xef\xbf\xbd\xef\xbf\xbd\xef\xbf\xbd\xef\xbf\xbd \xef\xbf\xbd\xef\xbf\xbd\xef\xbf\xbd\xef\xbf\xbd\xef\xbf\xbd.\r\n in Unknown on line 0
[Wed Jul 05 20:32:06.518792 2017] [mpm_winnt:notice] [pid 1976:tid 548] AH00455: Apache/2.4.26 (Win64) PHP/5.6.30 configured -- resuming normal operations
[Wed Jul 05 20:32:06.518792 2017] [mpm_winnt:notice] [pid 1976:tid 548] AH00456: Apache Lounge VC11 Server built: Jun 18 2017 13:51:19
[Wed Jul 05 20:32:06.518792 2017] [core:notice] [pid 1976:tid 548] AH00094: Command line: 'D:\\USR\\apache\\bin\\httpd.exe -d D:/USR/apache'
[Wed Jul 05 20:32:06.520765 2017] [mpm_winnt:notice] [pid 1976:tid 548] AH00418: Parent: Created child process 8592
PHP Warning:  PHP Startup: Unable to load dynamic library 'C:\\php\\ext\\php_mysql.dll' - \xef\xbf\xbd\xef\xbf\xbd \xef\xbf\xbd\xef\xbf\xbd\xef\xbf\xbd\xef\xbf\xbd\xef\xbf\xbd\xef\xbf\xbd \xef\xbf\xbd\xef\xbf\xbd\xef\xbf\xbd\xef\xbf\xbd\xef\xbf\xbd\xef\xbf\xbd\xef\xbf\xbd\xef\xbf\xbd \xef\xbf\xbd\xef\xbf\xbd\xef\xbf\xbd\xef\xbf\xbd\xef\xbf\xbd.\r\n in Unknown on line 0
PHP Warning:  PHP Startup: Unable to load dynamic library 'C:\\php\\ext\\php_mysqli.dll' - \xef\xbf\xbd\xef\xbf\xbd \xef\xbf\xbd\xef\xbf\xbd\xef\xbf\xbd\xef\xbf\xbd\xef\xbf\xbd\xef\xbf\xbd \xef\xbf\xbd\xef\xbf\xbd\xef\xbf\xbd\xef\xbf\xbd\xef\xbf\xbd\xef\xbf\xbd\xef\xbf\xbd\xef\xbf\xbd \xef\xbf\xbd\xef\xbf\xbd\xef\xbf\xbd\xef\xbf\xbd\xef\xbf\xbd.\r\n in Unknown on line 0
PHP Warning:  PHP Startup: Unable to load dynamic library 'C:\\php\\ext\\php_openssl.dll' - \xef\xbf\xbd\xef\xbf\xbd \xef\xbf\xbd\xef\xbf\xbd\xef\xbf\xbd\xef\xbf\xbd\xef\xbf\xbd\xef\xbf\xbd \xef\xbf\xbd\xef\xbf\xbd\xef\xbf\xbd\xef\xbf\xbd\xef\xbf\xbd\xef\xbf\xbd\xef\xbf\xbd\xef\xbf\xbd \xef\xbf\xbd\xef\xbf\xbd\xef\xbf\xbd\xef\xbf\xbd\xef\xbf\xbd.\r\n in Unknown on line 0
[Wed Jul 05 20:32:07.452753 2017] [mpm_winnt:notice] [pid 8592:tid 540] AH00354: Child: Starting 64 worker threads.
[Wed Jul 05 20:32:08.453121 2017] [mpm_winnt:notice] [pid 6484:tid 556] AH00364: Child: All worker threads have exited.
[Wed Jul 05 20:35:56.316794 2017] [mpm_winnt:notice] [pid 1976:tid 548] AH00424: Parent: Received restart signal -- Restarting the server.
PHP Warning:  PHP Startup: Unable to load dynamic library 'C:\\php\\ext\\php_mysql.dll' - \xef\xbf\xbd\xef\xbf\xbd \xef\xbf\xbd\xef\xbf\xbd\xef\xbf\xbd\xef\xbf\xbd\xef\xbf\xbd\xef\xbf\xbd \xef\xbf\xbd\xef\xbf\xbd\xef\xbf\xbd\xef\xbf\xbd\xef\xbf\xbd\xef\xbf\xbd\xef\xbf\xbd\xef\xbf\xbd \xef\xbf\xbd\xef\xbf\xbd\xef\xbf\xbd\xef\xbf\xbd\xef\xbf\xbd.\r\n in Unknown on line 0
PHP Warning:  PHP Startup: Unable to load dynamic library 'C:\\php\\ext\\php_mysqli.dll' - \xef\xbf\xbd\xef\xbf\xbd \xef\xbf\xbd\xef\xbf\xbd\xef\xbf\xbd\xef\xbf\xbd\xef\xbf\xbd\xef\xbf\xbd \xef\xbf\xbd\xef\xbf\xbd\xef\xbf\xbd\xef\xbf\xbd\xef\xbf\xbd\xef\xbf\xbd\xef\xbf\xbd\xef\xbf\xbd \xef\xbf\xbd\xef\xbf\xbd\xef\xbf\xbd\xef\xbf\xbd\xef\xbf\xbd.\r\n in Unknown on line 0
PHP Warning:  PHP Startup: Unable to load dynamic library 'C:\\php\\ext\\php_openssl.dll' - \xef\xbf\xbd\xef\xbf\xbd \xef\xbf\xbd\xef\xbf\xbd\xef\xbf\xbd\xef\xbf\xbd\xef\xbf\xbd\xef\xbf\xbd \xef\xbf\xbd\xef\xbf\xbd\xef\xbf\xbd\xef\xbf\xbd\xef\xbf\xbd\xef\xbf\xbd\xef\xbf\xbd\xef\xbf\xbd \xef\xbf\xbd\xef\xbf\xbd\xef\xbf\xbd\xef\xbf\xbd\xef\xbf\xbd.\r\n in Unknown on line 0
[Wed Jul 05 20:35:56.408713 2017] [mpm_winnt:notice] [pid 1976:tid 548] AH00455: Apache/2.4.26 (Win64) PHP/5.6.30 configured -- resuming normal operations
[Wed Jul 05 20:35:56.408713 2017] [mpm_winnt:notice] [pid 1976:tid 548] AH00456: Apache Lounge VC11 Server built: Jun 18 2017 13:51:19
[Wed Jul 05 20:35:56.408713 2017] [core:notice] [pid 1976:tid 548] AH00094: Command line: 'D:\\USR\\apache\\bin\\httpd.exe -d D:/USR/apache'
[Wed Jul 05 20:35:56.410218 2017] [mpm_winnt:notice] [pid 1976:tid 548] AH00418: Parent: Created child process 2744
PHP Warning:  PHP Startup: Unable to load dynamic library 'C:\\php\\ext\\php_mysql.dll' - \xef\xbf\xbd\xef\xbf\xbd \xef\xbf\xbd\xef\xbf\xbd\xef\xbf\xbd\xef\xbf\xbd\xef\xbf\xbd\xef\xbf\xbd \xef\xbf\xbd\xef\xbf\xbd\xef\xbf\xbd\xef\xbf\xbd\xef\xbf\xbd\xef\xbf\xbd\xef\xbf\xbd\xef\xbf\xbd \xef\xbf\xbd\xef\xbf\xbd\xef\xbf\xbd\xef\xbf\xbd\xef\xbf\xbd.\r\n in Unknown on line 0
PHP Warning:  PHP Startup: Unable to load dynamic library 'C:\\php\\ext\\php_mysqli.dll' - \xef\xbf\xbd\xef\xbf\xbd \xef\xbf\xbd\xef\xbf\xbd\xef\xbf\xbd\xef\xbf\xbd\xef\xbf\xbd\xef\xbf\xbd \xef\xbf\xbd\xef\xbf\xbd\xef\xbf\xbd\xef\xbf\xbd\xef\xbf\xbd\xef\xbf\xbd\xef\xbf\xbd\xef\xbf\xbd \xef\xbf\xbd\xef\xbf\xbd\xef\xbf\xbd\xef\xbf\xbd\xef\xbf\xbd.\r\n in Unknown on line 0
PHP Warning:  PHP Startup: Unable to load dynamic library 'C:\\php\\ext\\php_openssl.dll' - \xef\xbf\xbd\xef\xbf\xbd \xef\xbf\xbd\xef\xbf\xbd\xef\xbf\xbd\xef\xbf\xbd\xef\xbf\xbd\xef\xbf\xbd \xef\xbf\xbd\xef\xbf\xbd\xef\xbf\xbd\xef\xbf\xbd\xef\xbf\xbd\xef\xbf\xbd\xef\xbf\xbd\xef\xbf\xbd \xef\xbf\xbd\xef\xbf\xbd\xef\xbf\xbd\xef\xbf\xbd\xef\xbf\xbd.\r\n in Unknown on line 0
[Wed Jul 05 20:35:57.326995 2017] [mpm_winnt:notice] [pid 2744:tid 544] AH00354: Child: Starting 64 worker threads.
[Wed Jul 05 20:35:58.334628 2017] [mpm_winnt:notice] [pid 8592:tid 540] AH00364: Child: All worker threads have exited.
[Wed Jul 05 20:37:42.354345 2017] [mpm_winnt:notice] [pid 1976:tid 548] AH00422: Parent: Received shutdown signal -- Shutting down the server.
[Wed Jul 05 20:37:44.366366 2017] [mpm_winnt:notice] [pid 2744:tid 544] AH00364: Child: All worker threads have exited.
[Wed Jul 05 20:37:44.387098 2017] [mpm_winnt:notice] [pid 1976:tid 548] AH00430: Parent: Child process 2744 exited successfully.
PHP Warning:  PHP Startup: Unable to load dynamic library 'C:\\php\\ext\\php_mysql.dll' - \xef\xbf\xbd\xef\xbf\xbd \xef\xbf\xbd\xef\xbf\xbd\xef\xbf\xbd\xef\xbf\xbd\xef\xbf\xbd\xef\xbf\xbd \xef\xbf\xbd\xef\xbf\xbd\xef\xbf\xbd\xef\xbf\xbd\xef\xbf\xbd\xef\xbf\xbd\xef\xbf\xbd\xef\xbf\xbd \xef\xbf\xbd\xef\xbf\xbd\xef\xbf\xbd\xef\xbf\xbd\xef\xbf\xbd.\r\n in Unknown on line 0
PHP Warning:  PHP Startup: Unable to load dynamic library 'C:\\php\\ext\\php_mysqli.dll' - \xef\xbf\xbd\xef\xbf\xbd \xef\xbf\xbd\xef\xbf\xbd\xef\xbf\xbd\xef\xbf\xbd\xef\xbf\xbd\xef\xbf\xbd \xef\xbf\xbd\xef\xbf\xbd\xef\xbf\xbd\xef\xbf\xbd\xef\xbf\xbd\xef\xbf\xbd\xef\xbf\xbd\xef\xbf\xbd \xef\xbf\xbd\xef\xbf\xbd\xef\xbf\xbd\xef\xbf\xbd\xef\xbf\xbd.\r\n in Unknown on line 0
PHP Warning:  PHP Startup: Unable to load dynamic library 'C:\\php\\ext\\php_openssl.dll' - \xef\xbf\xbd\xef\xbf\xbd \xef\xbf\xbd\xef\xbf\xbd\xef\xbf\xbd\xef\xbf\xbd\xef\xbf\xbd\xef\xbf\xbd \xef\xbf\xbd\xef\xbf\xbd\xef\xbf\xbd\xef\xbf\xbd\xef\xbf\xbd\xef\xbf\xbd\xef\xbf\xbd\xef\xbf\xbd \xef\xbf\xbd\xef\xbf\xbd\xef\xbf\xbd\xef\xbf\xbd\xef\xbf\xbd.\r\n in Unknown on line 0
[Wed Jul 05 20:42:26.652156 2017] [mpm_winnt:notice] [pid 5864:tid 612] AH00455: Apache/2.4.26 (Win64) PHP/5.6.30 configured -- resuming normal operations
[Wed Jul 05 20:42:26.652156 2017] [mpm_winnt:notice] [pid 5864:tid 612] AH00456: Apache Lounge VC11 Server built: Jun 18 2017 13:51:19
[Wed Jul 05 20:42:26.652156 2017] [core:notice] [pid 5864:tid 612] AH00094: Command line: 'D:\\USR\\apache\\bin\\httpd.exe -d D:/USR/apache'
[Wed Jul 05 20:42:26.653688 2017] [mpm_winnt:notice] [pid 5864:tid 612] AH00418: Parent: Created child process 17424
PHP Warning:  PHP Startup: Unable to load dynamic library 'C:\\php\\ext\\php_mysql.dll' - \xef\xbf\xbd\xef\xbf\xbd \xef\xbf\xbd\xef\xbf\xbd\xef\xbf\xbd\xef\xbf\xbd\xef\xbf\xbd\xef\xbf\xbd \xef\xbf\xbd\xef\xbf\xbd\xef\xbf\xbd\xef\xbf\xbd\xef\xbf\xbd\xef\xbf\xbd\xef\xbf\xbd\xef\xbf\xbd \xef\xbf\xbd\xef\xbf\xbd\xef\xbf\xbd\xef\xbf\xbd\xef\xbf\xbd.\r\n in Unknown on line 0
PHP Warning:  PHP Startup: Unable to load dynamic library 'C:\\php\\ext\\php_mysqli.dll' - \xef\xbf\xbd\xef\xbf\xbd \xef\xbf\xbd\xef\xbf\xbd\xef\xbf\xbd\xef\xbf\xbd\xef\xbf\xbd\xef\xbf\xbd \xef\xbf\xbd\xef\xbf\xbd\xef\xbf\xbd\xef\xbf\xbd\xef\xbf\xbd\xef\xbf\xbd\xef\xbf\xbd\xef\xbf\xbd \xef\xbf\xbd\xef\xbf\xbd\xef\xbf\xbd\xef\xbf\xbd\xef\xbf\xbd.\r\n in Unknown on line 0
PHP Warning:  PHP Startup: Unable to load dynamic library 'C:\\php\\ext\\php_openssl.dll' - \xef\xbf\xbd\xef\xbf\xbd \xef\xbf\xbd\xef\xbf\xbd\xef\xbf\xbd\xef\xbf\xbd\xef\xbf\xbd\xef\xbf\xbd \xef\xbf\xbd\xef\xbf\xbd\xef\xbf\xbd\xef\xbf\xbd\xef\xbf\xbd\xef\xbf\xbd\xef\xbf\xbd\xef\xbf\xbd \xef\xbf\xbd\xef\xbf\xbd\xef\xbf\xbd\xef\xbf\xbd\xef\xbf\xbd.\r\n in Unknown on line 0
[Wed Jul 05 20:42:26.906014 2017] [mpm_winnt:notice] [pid 17424:tid 568] AH00354: Child: Starting 64 worker threads.
[Wed Jul 05 20:44:29.019832 2017] [mpm_winnt:notice] [pid 5864:tid 612] AH00424: Parent: Received restart signal -- Restarting the server.
PHP Warning:  PHP Startup: Unable to load dynamic library 'C:\\php\\ext\\php_mysql.dll' - \xef\xbf\xbd\xef\xbf\xbd \xef\xbf\xbd\xef\xbf\xbd\xef\xbf\xbd\xef\xbf\xbd\xef\xbf\xbd\xef\xbf\xbd \xef\xbf\xbd\xef\xbf\xbd\xef\xbf\xbd\xef\xbf\xbd\xef\xbf\xbd\xef\xbf\xbd\xef\xbf\xbd\xef\xbf\xbd \xef\xbf\xbd\xef\xbf\xbd\xef\xbf\xbd\xef\xbf\xbd\xef\xbf\xbd.\r\n in Unknown on line 0
PHP Warning:  PHP Startup: Unable to load dynamic library 'C:\\php\\ext\\php_mysqli.dll' - \xef\xbf\xbd\xef\xbf\xbd \xef\xbf\xbd\xef\xbf\xbd\xef\xbf\xbd\xef\xbf\xbd\xef\xbf\xbd\xef\xbf\xbd \xef\xbf\xbd\xef\xbf\xbd\xef\xbf\xbd\xef\xbf\xbd\xef\xbf\xbd\xef\xbf\xbd\xef\xbf\xbd\xef\xbf\xbd \xef\xbf\xbd\xef\xbf\xbd\xef\xbf\xbd\xef\xbf\xbd\xef\xbf\xbd.\r\n in Unknown on line 0
PHP Warning:  PHP Startup: Unable to load dynamic library 'C:\\php\\ext\\php_openssl.dll' - \xef\xbf\xbd\xef\xbf\xbd \xef\xbf\xbd\xef\xbf\xbd\xef\xbf\xbd\xef\xbf\xbd\xef\xbf\xbd\xef\xbf\xbd \xef\xbf\xbd\xef\xbf\xbd\xef\xbf\xbd\xef\xbf\xbd\xef\xbf\xbd\xef\xbf\xbd\xef\xbf\xbd\xef\xbf\xbd \xef\xbf\xbd\xef\xbf\xbd\xef\xbf\xbd\xef\xbf\xbd\xef\xbf\xbd.\r\n in Unknown on line 0
[Wed Jul 05 20:44:29.093435 2017] [mpm_winnt:notice] [pid 5864:tid 612] AH00455: Apache/2.4.26 (Win64) PHP/5.6.30 configured -- resuming normal operations
[Wed Jul 05 20:44:29.093435 2017] [mpm_winnt:notice] [pid 5864:tid 612] AH00456: Apache Lounge VC11 Server built: Jun 18 2017 13:51:19
[Wed Jul 05 20:44:29.093435 2017] [core:notice] [pid 5864:tid 612] AH00094: Command line: 'D:\\USR\\apache\\bin\\httpd.exe -d D:/USR/apache'
[Wed Jul 05 20:44:29.095528 2017] [mpm_winnt:notice] [pid 5864:tid 612] AH00418: Parent: Created child process 10636
PHP Warning:  PHP Startup: Unable to load dynamic library 'C:\\php\\ext\\php_mysql.dll' - \xef\xbf\xbd\xef\xbf\xbd \xef\xbf\xbd\xef\xbf\xbd\xef\xbf\xbd\xef\xbf\xbd\xef\xbf\xbd\xef\xbf\xbd \xef\xbf\xbd\xef\xbf\xbd\xef\xbf\xbd\xef\xbf\xbd\xef\xbf\xbd\xef\xbf\xbd\xef\xbf\xbd\xef\xbf\xbd \xef\xbf\xbd\xef\xbf\xbd\xef\xbf\xbd\xef\xbf\xbd\xef\xbf\xbd.\r\n in Unknown on line 0
PHP Warning:  PHP Startup: Unable to load dynamic library 'C:\\php\\ext\\php_mysqli.dll' - \xef\xbf\xbd\xef\xbf\xbd \xef\xbf\xbd\xef\xbf\xbd\xef\xbf\xbd\xef\xbf\xbd\xef\xbf\xbd\xef\xbf\xbd \xef\xbf\xbd\xef\xbf\xbd\xef\xbf\xbd\xef\xbf\xbd\xef\xbf\xbd\xef\xbf\xbd\xef\xbf\xbd\xef\xbf\xbd \xef\xbf\xbd\xef\xbf\xbd\xef\xbf\xbd\xef\xbf\xbd\xef\xbf\xbd.\r\n in Unknown on line 0
PHP Warning:  PHP Startup: Unable to load dynamic library 'C:\\php\\ext\\php_openssl.dll' - \xef\xbf\xbd\xef\xbf\xbd \xef\xbf\xbd\xef\xbf\xbd\xef\xbf\xbd\xef\xbf\xbd\xef\xbf\xbd\xef\xbf\xbd \xef\xbf\xbd\xef\xbf\xbd\xef\xbf\xbd\xef\xbf\xbd\xef\xbf\xbd\xef\xbf\xbd\xef\xbf\xbd\xef\xbf\xbd \xef\xbf\xbd\xef\xbf\xbd\xef\xbf\xbd\xef\xbf\xbd\xef\xbf\xbd.\r\n in Unknown on line 0
[Wed Jul 05 20:44:30.020679 2017] [mpm_winnt:notice] [pid 10636:tid 588] AH00354: Child: Starting 64 worker threads.
[Wed Jul 05 20:44:31.021281 2017] [mpm_winnt:notice] [pid 17424:tid 568] AH00364: Child: All worker threads have exited.
[Wed Jul 05 20:44:49.963684 2017] [mpm_winnt:notice] [pid 5864:tid 612] AH00424: Parent: Received restart signal -- Restarting the server.
PHP Warning:  PHP Startup: Unable to load dynamic library 'C:\\php\\ext\\php_mysql.dll' - \xef\xbf\xbd\xef\xbf\xbd \xef\xbf\xbd\xef\xbf\xbd\xef\xbf\xbd\xef\xbf\xbd\xef\xbf\xbd\xef\xbf\xbd \xef\xbf\xbd\xef\xbf\xbd\xef\xbf\xbd\xef\xbf\xbd\xef\xbf\xbd\xef\xbf\xbd\xef\xbf\xbd\xef\xbf\xbd \xef\xbf\xbd\xef\xbf\xbd\xef\xbf\xbd\xef\xbf\xbd\xef\xbf\xbd.\r\n in Unknown on line 0
PHP Warning:  PHP Startup: Unable to load dynamic library 'C:\\php\\ext\\php_mysqli.dll' - \xef\xbf\xbd\xef\xbf\xbd \xef\xbf\xbd\xef\xbf\xbd\xef\xbf\xbd\xef\xbf\xbd\xef\xbf\xbd\xef\xbf\xbd \xef\xbf\xbd\xef\xbf\xbd\xef\xbf\xbd\xef\xbf\xbd\xef\xbf\xbd\xef\xbf\xbd\xef\xbf\xbd\xef\xbf\xbd \xef\xbf\xbd\xef\xbf\xbd\xef\xbf\xbd\xef\xbf\xbd\xef\xbf\xbd.\r\n in Unknown on line 0
PHP Warning:  PHP Startup: Unable to load dynamic library 'C:\\php\\ext\\php_openssl.dll' - \xef\xbf\xbd\xef\xbf\xbd \xef\xbf\xbd\xef\xbf\xbd\xef\xbf\xbd\xef\xbf\xbd\xef\xbf\xbd\xef\xbf\xbd \xef\xbf\xbd\xef\xbf\xbd\xef\xbf\xbd\xef\xbf\xbd\xef\xbf\xbd\xef\xbf\xbd\xef\xbf\xbd\xef\xbf\xbd \xef\xbf\xbd\xef\xbf\xbd\xef\xbf\xbd\xef\xbf\xbd\xef\xbf\xbd.\r\n in Unknown on line 0
[Wed Jul 05 20:44:50.034070 2017] [mpm_winnt:notice] [pid 5864:tid 612] AH00455: Apache/2.4.26 (Win64) PHP/5.6.30 configured -- resuming normal operations
[Wed Jul 05 20:44:50.034070 2017] [mpm_winnt:notice] [pid 5864:tid 612] AH00456: Apache Lounge VC11 Server built: Jun 18 2017 13:51:19
[Wed Jul 05 20:44:50.034070 2017] [core:notice] [pid 5864:tid 612] AH00094: Command line: 'D:\\USR\\apache\\bin\\httpd.exe -d D:/USR/apache'
[Wed Jul 05 20:44:50.035543 2017] [mpm_winnt:notice] [pid 5864:tid 612] AH00418: Parent: Created child process 6312
PHP Warning:  PHP Startup: Unable to load dynamic library 'C:\\php\\ext\\php_mysql.dll' - \xef\xbf\xbd\xef\xbf\xbd \xef\xbf\xbd\xef\xbf\xbd\xef\xbf\xbd\xef\xbf\xbd\xef\xbf\xbd\xef\xbf\xbd \xef\xbf\xbd\xef\xbf\xbd\xef\xbf\xbd\xef\xbf\xbd\xef\xbf\xbd\xef\xbf\xbd\xef\xbf\xbd\xef\xbf\xbd \xef\xbf\xbd\xef\xbf\xbd\xef\xbf\xbd\xef\xbf\xbd\xef\xbf\xbd.\r\n in Unknown on line 0
PHP Warning:  PHP Startup: Unable to load dynamic library 'C:\\php\\ext\\php_mysqli.dll' - \xef\xbf\xbd\xef\xbf\xbd \xef\xbf\xbd\xef\xbf\xbd\xef\xbf\xbd\xef\xbf\xbd\xef\xbf\xbd\xef\xbf\xbd \xef\xbf\xbd\xef\xbf\xbd\xef\xbf\xbd\xef\xbf\xbd\xef\xbf\xbd\xef\xbf\xbd\xef\xbf\xbd\xef\xbf\xbd \xef\xbf\xbd\xef\xbf\xbd\xef\xbf\xbd\xef\xbf\xbd\xef\xbf\xbd.\r\n in Unknown on line 0
PHP Warning:  PHP Startup: Unable to load dynamic library 'C:\\php\\ext\\php_openssl.dll' - \xef\xbf\xbd\xef\xbf\xbd \xef\xbf\xbd\xef\xbf\xbd\xef\xbf\xbd\xef\xbf\xbd\xef\xbf\xbd\xef\xbf\xbd \xef\xbf\xbd\xef\xbf\xbd\xef\xbf\xbd\xef\xbf\xbd\xef\xbf\xbd\xef\xbf\xbd\xef\xbf\xbd\xef\xbf\xbd \xef\xbf\xbd\xef\xbf\xbd\xef\xbf\xbd\xef\xbf\xbd\xef\xbf\xbd.\r\n in Unknown on line 0
[Wed Jul 05 20:44:50.964204 2017] [mpm_winnt:notice] [pid 6312:tid 556] AH00354: Child: Starting 64 worker threads.
[Wed Jul 05 20:44:51.964634 2017] [mpm_winnt:notice] [pid 10636:tid 588] AH00364: Child: All worker threads have exited.
[Wed Jul 05 20:45:06.252097 2017] [mpm_winnt:notice] [pid 5864:tid 612] AH00424: Parent: Received restart signal -- Restarting the server.
PHP Warning:  PHP Startup: Unable to load dynamic library 'C:\\php\\ext\\php_mysql.dll' - \xef\xbf\xbd\xef\xbf\xbd \xef\xbf\xbd\xef\xbf\xbd\xef\xbf\xbd\xef\xbf\xbd\xef\xbf\xbd\xef\xbf\xbd \xef\xbf\xbd\xef\xbf\xbd\xef\xbf\xbd\xef\xbf\xbd\xef\xbf\xbd\xef\xbf\xbd\xef\xbf\xbd\xef\xbf\xbd \xef\xbf\xbd\xef\xbf\xbd\xef\xbf\xbd\xef\xbf\xbd\xef\xbf\xbd.\r\n in Unknown on line 0
PHP Warning:  PHP Startup: Unable to load dynamic library 'C:\\php\\ext\\php_mysqli.dll' - \xef\xbf\xbd\xef\xbf\xbd \xef\xbf\xbd\xef\xbf\xbd\xef\xbf\xbd\xef\xbf\xbd\xef\xbf\xbd\xef\xbf\xbd \xef\xbf\xbd\xef\xbf\xbd\xef\xbf\xbd\xef\xbf\xbd\xef\xbf\xbd\xef\xbf\xbd\xef\xbf\xbd\xef\xbf\xbd \xef\xbf\xbd\xef\xbf\xbd\xef\xbf\xbd\xef\xbf\xbd\xef\xbf\xbd.\r\n in Unknown on line 0
PHP Warning:  PHP Startup: Unable to load dynamic library 'C:\\php\\ext\\php_openssl.dll' - \xef\xbf\xbd\xef\xbf\xbd \xef\xbf\xbd\xef\xbf\xbd\xef\xbf\xbd\xef\xbf\xbd\xef\xbf\xbd\xef\xbf\xbd \xef\xbf\xbd\xef\xbf\xbd\xef\xbf\xbd\xef\xbf\xbd\xef\xbf\xbd\xef\xbf\xbd\xef\xbf\xbd\xef\xbf\xbd \xef\xbf\xbd\xef\xbf\xbd\xef\xbf\xbd\xef\xbf\xbd\xef\xbf\xbd.\r\n in Unknown on line 0
[Wed Jul 05 20:45:06.316836 2017] [mpm_winnt:notice] [pid 5864:tid 612] AH00455: Apache/2.4.26 (Win64) PHP/5.6.30 configured -- resuming normal operations
[Wed Jul 05 20:45:06.316836 2017] [mpm_winnt:notice] [pid 5864:tid 612] AH00456: Apache Lounge VC11 Server built: Jun 18 2017 13:51:19
[Wed Jul 05 20:45:06.316836 2017] [core:notice] [pid 5864:tid 612] AH00094: Command line: 'D:\\USR\\apache\\bin\\httpd.exe -d D:/USR/apache'
[Wed Jul 05 20:45:06.318312 2017] [mpm_winnt:notice] [pid 5864:tid 612] AH00418: Parent: Created child process 8984
PHP Warning:  PHP Startup: Unable to load dynamic library 'C:\\php\\ext\\php_mysql.dll' - \xef\xbf\xbd\xef\xbf\xbd \xef\xbf\xbd\xef\xbf\xbd\xef\xbf\xbd\xef\xbf\xbd\xef\xbf\xbd\xef\xbf\xbd \xef\xbf\xbd\xef\xbf\xbd\xef\xbf\xbd\xef\xbf\xbd\xef\xbf\xbd\xef\xbf\xbd\xef\xbf\xbd\xef\xbf\xbd \xef\xbf\xbd\xef\xbf\xbd\xef\xbf\xbd\xef\xbf\xbd\xef\xbf\xbd.\r\n in Unknown on line 0
PHP Warning:  PHP Startup: Unable to load dynamic library 'C:\\php\\ext\\php_mysqli.dll' - \xef\xbf\xbd\xef\xbf\xbd \xef\xbf\xbd\xef\xbf\xbd\xef\xbf\xbd\xef\xbf\xbd\xef\xbf\xbd\xef\xbf\xbd \xef\xbf\xbd\xef\xbf\xbd\xef\xbf\xbd\xef\xbf\xbd\xef\xbf\xbd\xef\xbf\xbd\xef\xbf\xbd\xef\xbf\xbd \xef\xbf\xbd\xef\xbf\xbd\xef\xbf\xbd\xef\xbf\xbd\xef\xbf\xbd.\r\n in Unknown on line 0
PHP Warning:  PHP Startup: Unable to load dynamic library 'C:\\php\\ext\\php_openssl.dll' - \xef\xbf\xbd\xef\xbf\xbd \xef\xbf\xbd\xef\xbf\xbd\xef\xbf\xbd\xef\xbf\xbd\xef\xbf\xbd\xef\xbf\xbd \xef\xbf\xbd\xef\xbf\xbd\xef\xbf\xbd\xef\xbf\xbd\xef\xbf\xbd\xef\xbf\xbd\xef\xbf\xbd\xef\xbf\xbd \xef\xbf\xbd\xef\xbf\xbd\xef\xbf\xbd\xef\xbf\xbd\xef\xbf\xbd.\r\n in Unknown on line 0
[Wed Jul 05 20:45:07.252450 2017] [mpm_winnt:notice] [pid 8984:tid 580] AH00354: Child: Starting 64 worker threads.
[Wed Jul 05 20:45:08.353842 2017] [mpm_winnt:notice] [pid 6312:tid 556] AH00364: Child: All worker threads have exited.
[Wed Jul 05 20:48:08.576403 2017] [mpm_winnt:notice] [pid 5864:tid 612] AH00424: Parent: Received restart signal -- Restarting the server.
PHP Warning:  PHP Startup: Unable to load dynamic library 'C:\\php\\ext\\php_mysql.dll' - \xef\xbf\xbd\xef\xbf\xbd \xef\xbf\xbd\xef\xbf\xbd\xef\xbf\xbd\xef\xbf\xbd\xef\xbf\xbd\xef\xbf\xbd \xef\xbf\xbd\xef\xbf\xbd\xef\xbf\xbd\xef\xbf\xbd\xef\xbf\xbd\xef\xbf\xbd\xef\xbf\xbd\xef\xbf\xbd \xef\xbf\xbd\xef\xbf\xbd\xef\xbf\xbd\xef\xbf\xbd\xef\xbf\xbd.\r\n in Unknown on line 0
PHP Warning:  PHP Startup: Unable to load dynamic library 'C:\\php\\ext\\php_mysqli.dll' - \xef\xbf\xbd\xef\xbf\xbd \xef\xbf\xbd\xef\xbf\xbd\xef\xbf\xbd\xef\xbf\xbd\xef\xbf\xbd\xef\xbf\xbd \xef\xbf\xbd\xef\xbf\xbd\xef\xbf\xbd\xef\xbf\xbd\xef\xbf\xbd\xef\xbf\xbd\xef\xbf\xbd\xef\xbf\xbd \xef\xbf\xbd\xef\xbf\xbd\xef\xbf\xbd\xef\xbf\xbd\xef\xbf\xbd.\r\n in Unknown on line 0
PHP Warning:  PHP Startup: Unable to load dynamic library 'C:\\php\\ext\\php_openssl.dll' - \xef\xbf\xbd\xef\xbf\xbd \xef\xbf\xbd\xef\xbf\xbd\xef\xbf\xbd\xef\xbf\xbd\xef\xbf\xbd\xef\xbf\xbd \xef\xbf\xbd\xef\xbf\xbd\xef\xbf\xbd\xef\xbf\xbd\xef\xbf\xbd\xef\xbf\xbd\xef\xbf\xbd\xef\xbf\xbd \xef\xbf\xbd\xef\xbf\xbd\xef\xbf\xbd\xef\xbf\xbd\xef\xbf\xbd.\r\n in Unknown on line 0
[Wed Jul 05 20:48:08.658961 2017] [mpm_winnt:notice] [pid 5864:tid 612] AH00455: Apache/2.4.26 (Win64) PHP/5.6.30 configured -- resuming normal operations
[Wed Jul 05 20:48:08.658961 2017] [mpm_winnt:notice] [pid 5864:tid 612] AH00456: Apache Lounge VC11 Server built: Jun 18 2017 13:51:19
[Wed Jul 05 20:48:08.658961 2017] [core:notice] [pid 5864:tid 612] AH00094: Command line: 'D:\\USR\\apache\\bin\\httpd.exe -d D:/USR/apache'
[Wed Jul 05 20:48:08.660495 2017] [mpm_winnt:notice] [pid 5864:tid 612] AH00418: Parent: Created child process 11248
PHP Warning:  PHP Startup: Unable to load dynamic library 'C:\\php\\ext\\php_mysql.dll' - \xef\xbf\xbd\xef\xbf\xbd \xef\xbf\xbd\xef\xbf\xbd\xef\xbf\xbd\xef\xbf\xbd\xef\xbf\xbd\xef\xbf\xbd \xef\xbf\xbd\xef\xbf\xbd\xef\xbf\xbd\xef\xbf\xbd\xef\xbf\xbd\xef\xbf\xbd\xef\xbf\xbd\xef\xbf\xbd \xef\xbf\xbd\xef\xbf\xbd\xef\xbf\xbd\xef\xbf\xbd\xef\xbf\xbd.\r\n in Unknown on line 0
PHP Warning:  PHP Startup: Unable to load dynamic library 'C:\\php\\ext\\php_mysqli.dll' - \xef\xbf\xbd\xef\xbf\xbd \xef\xbf\xbd\xef\xbf\xbd\xef\xbf\xbd\xef\xbf\xbd\xef\xbf\xbd\xef\xbf\xbd \xef\xbf\xbd\xef\xbf\xbd\xef\xbf\xbd\xef\xbf\xbd\xef\xbf\xbd\xef\xbf\xbd\xef\xbf\xbd\xef\xbf\xbd \xef\xbf\xbd\xef\xbf\xbd\xef\xbf\xbd\xef\xbf\xbd\xef\xbf\xbd.\r\n in Unknown on line 0
PHP Warning:  PHP Startup: Unable to load dynamic library 'C:\\php\\ext\\php_openssl.dll' - \xef\xbf\xbd\xef\xbf\xbd \xef\xbf\xbd\xef\xbf\xbd\xef\xbf\xbd\xef\xbf\xbd\xef\xbf\xbd\xef\xbf\xbd \xef\xbf\xbd\xef\xbf\xbd\xef\xbf\xbd\xef\xbf\xbd\xef\xbf\xbd\xef\xbf\xbd\xef\xbf\xbd\xef\xbf\xbd \xef\xbf\xbd\xef\xbf\xbd\xef\xbf\xbd\xef\xbf\xbd\xef\xbf\xbd.\r\n in Unknown on line 0
[Wed Jul 05 20:48:09.576759 2017] [mpm_winnt:notice] [pid 11248:tid 564] AH00354: Child: Starting 64 worker threads.
[Wed Jul 05 20:48:10.576981 2017] [mpm_winnt:notice] [pid 8984:tid 580] AH00364: Child: All worker threads have exited.
[Wed Jul 05 20:49:15.871571 2017] [mpm_winnt:notice] [pid 5864:tid 612] AH00424: Parent: Received restart signal -- Restarting the server.
PHP Warning:  PHP Startup: Unable to load dynamic library 'C:\\php\\ext\\php_mbstring.dll' - \xef\xbf\xbd\xef\xbf\xbd \xef\xbf\xbd\xef\xbf\xbd\xef\xbf\xbd\xef\xbf\xbd\xef\xbf\xbd\xef\xbf\xbd \xef\xbf\xbd\xef\xbf\xbd\xef\xbf\xbd\xef\xbf\xbd\xef\xbf\xbd\xef\xbf\xbd\xef\xbf\xbd\xef\xbf\xbd \xef\xbf\xbd\xef\xbf\xbd\xef\xbf\xbd\xef\xbf\xbd\xef\xbf\xbd.\r\n in Unknown on line 0
PHP Warning:  PHP Startup: Unable to load dynamic library 'C:\\php\\ext\\php_mysql.dll' - \xef\xbf\xbd\xef\xbf\xbd \xef\xbf\xbd\xef\xbf\xbd\xef\xbf\xbd\xef\xbf\xbd\xef\xbf\xbd\xef\xbf\xbd \xef\xbf\xbd\xef\xbf\xbd\xef\xbf\xbd\xef\xbf\xbd\xef\xbf\xbd\xef\xbf\xbd\xef\xbf\xbd\xef\xbf\xbd \xef\xbf\xbd\xef\xbf\xbd\xef\xbf\xbd\xef\xbf\xbd\xef\xbf\xbd.\r\n in Unknown on line 0
PHP Warning:  PHP Startup: Unable to load dynamic library 'C:\\php\\ext\\php_mysqli.dll' - \xef\xbf\xbd\xef\xbf\xbd \xef\xbf\xbd\xef\xbf\xbd\xef\xbf\xbd\xef\xbf\xbd\xef\xbf\xbd\xef\xbf\xbd \xef\xbf\xbd\xef\xbf\xbd\xef\xbf\xbd\xef\xbf\xbd\xef\xbf\xbd\xef\xbf\xbd\xef\xbf\xbd\xef\xbf\xbd \xef\xbf\xbd\xef\xbf\xbd\xef\xbf\xbd\xef\xbf\xbd\xef\xbf\xbd.\r\n in Unknown on line 0
PHP Warning:  PHP Startup: Unable to load dynamic library 'C:\\php\\ext\\php_openssl.dll' - \xef\xbf\xbd\xef\xbf\xbd \xef\xbf\xbd\xef\xbf\xbd\xef\xbf\xbd\xef\xbf\xbd\xef\xbf\xbd\xef\xbf\xbd \xef\xbf\xbd\xef\xbf\xbd\xef\xbf\xbd\xef\xbf\xbd\xef\xbf\xbd\xef\xbf\xbd\xef\xbf\xbd\xef\xbf\xbd \xef\xbf\xbd\xef\xbf\xbd\xef\xbf\xbd\xef\xbf\xbd\xef\xbf\xbd.\r\n in Unknown on line 0
[Wed Jul 05 20:49:15.956675 2017] [mpm_winnt:notice] [pid 5864:tid 612] AH00455: Apache/2.4.26 (Win64) PHP/5.6.30 configured -- resuming normal operations
[Wed Jul 05 20:49:15.956675 2017] [mpm_winnt:notice] [pid 5864:tid 612] AH00456: Apache Lounge VC11 Server built: Jun 18 2017 13:51:19
[Wed Jul 05 20:49:15.956675 2017] [core:notice] [pid 5864:tid 612] AH00094: Command line: 'D:\\USR\\apache\\bin\\httpd.exe -d D:/USR/apache'
[Wed Jul 05 20:49:15.958477 2017] [mpm_winnt:notice] [pid 5864:tid 612] AH00418: Parent: Created child process 10880
PHP Warning:  PHP Startup: Unable to load dynamic library 'C:\\php\\ext\\php_mbstring.dll' - \xef\xbf\xbd\xef\xbf\xbd \xef\xbf\xbd\xef\xbf\xbd\xef\xbf\xbd\xef\xbf\xbd\xef\xbf\xbd\xef\xbf\xbd \xef\xbf\xbd\xef\xbf\xbd\xef\xbf\xbd\xef\xbf\xbd\xef\xbf\xbd\xef\xbf\xbd\xef\xbf\xbd\xef\xbf\xbd \xef\xbf\xbd\xef\xbf\xbd\xef\xbf\xbd\xef\xbf\xbd\xef\xbf\xbd.\r\n in Unknown on line 0
PHP Warning:  PHP Startup: Unable to load dynamic library 'C:\\php\\ext\\php_mysql.dll' - \xef\xbf\xbd\xef\xbf\xbd \xef\xbf\xbd\xef\xbf\xbd\xef\xbf\xbd\xef\xbf\xbd\xef\xbf\xbd\xef\xbf\xbd \xef\xbf\xbd\xef\xbf\xbd\xef\xbf\xbd\xef\xbf\xbd\xef\xbf\xbd\xef\xbf\xbd\xef\xbf\xbd\xef\xbf\xbd \xef\xbf\xbd\xef\xbf\xbd\xef\xbf\xbd\xef\xbf\xbd\xef\xbf\xbd.\r\n in Unknown on line 0
PHP Warning:  PHP Startup: Unable to load dynamic library 'C:\\php\\ext\\php_mysqli.dll' - \xef\xbf\xbd\xef\xbf\xbd \xef\xbf\xbd\xef\xbf\xbd\xef\xbf\xbd\xef\xbf\xbd\xef\xbf\xbd\xef\xbf\xbd \xef\xbf\xbd\xef\xbf\xbd\xef\xbf\xbd\xef\xbf\xbd\xef\xbf\xbd\xef\xbf\xbd\xef\xbf\xbd\xef\xbf\xbd \xef\xbf\xbd\xef\xbf\xbd\xef\xbf\xbd\xef\xbf\xbd\xef\xbf\xbd.\r\n in Unknown on line 0
PHP Warning:  PHP Startup: Unable to load dynamic library 'C:\\php\\ext\\php_openssl.dll' - \xef\xbf\xbd\xef\xbf\xbd \xef\xbf\xbd\xef\xbf\xbd\xef\xbf\xbd\xef\xbf\xbd\xef\xbf\xbd\xef\xbf\xbd \xef\xbf\xbd\xef\xbf\xbd\xef\xbf\xbd\xef\xbf\xbd\xef\xbf\xbd\xef\xbf\xbd\xef\xbf\xbd\xef\xbf\xbd \xef\xbf\xbd\xef\xbf\xbd\xef\xbf\xbd\xef\xbf\xbd\xef\xbf\xbd.\r\n in Unknown on line 0
[Wed Jul 05 20:49:16.880626 2017] [mpm_winnt:notice] [pid 10880:tid 580] AH00354: Child: Starting 64 worker threads.
[Wed Jul 05 20:49:18.282259 2017] [mpm_winnt:notice] [pid 11248:tid 564] AH00364: Child: All worker threads have exited.
[Wed Jul 05 20:49:52.491221 2017] [mpm_winnt:notice] [pid 5864:tid 612] AH00424: Parent: Received restart signal -- Restarting the server.
PHP Warning:  PHP Startup: Unable to load dynamic library 'C:\\php\\ext\\php_mbstring.dll' - \xef\xbf\xbd\xef\xbf\xbd \xef\xbf\xbd\xef\xbf\xbd\xef\xbf\xbd\xef\xbf\xbd\xef\xbf\xbd\xef\xbf\xbd \xef\xbf\xbd\xef\xbf\xbd\xef\xbf\xbd\xef\xbf\xbd\xef\xbf\xbd\xef\xbf\xbd\xef\xbf\xbd\xef\xbf\xbd \xef\xbf\xbd\xef\xbf\xbd\xef\xbf\xbd\xef\xbf\xbd\xef\xbf\xbd.\r\n in Unknown on line 0
PHP Warning:  PHP Startup: Unable to load dynamic library 'C:\\php\\ext\\php_mysql.dll' - \xef\xbf\xbd\xef\xbf\xbd \xef\xbf\xbd\xef\xbf\xbd\xef\xbf\xbd\xef\xbf\xbd\xef\xbf\xbd\xef\xbf\xbd \xef\xbf\xbd\xef\xbf\xbd\xef\xbf\xbd\xef\xbf\xbd\xef\xbf\xbd\xef\xbf\xbd\xef\xbf\xbd\xef\xbf\xbd \xef\xbf\xbd\xef\xbf\xbd\xef\xbf\xbd\xef\xbf\xbd\xef\xbf\xbd.\r\n in Unknown on line 0
PHP Warning:  PHP Startup: Unable to load dynamic library 'C:\\php\\ext\\php_mysqli.dll' - \xef\xbf\xbd\xef\xbf\xbd \xef\xbf\xbd\xef\xbf\xbd\xef\xbf\xbd\xef\xbf\xbd\xef\xbf\xbd\xef\xbf\xbd \xef\xbf\xbd\xef\xbf\xbd\xef\xbf\xbd\xef\xbf\xbd\xef\xbf\xbd\xef\xbf\xbd\xef\xbf\xbd\xef\xbf\xbd \xef\xbf\xbd\xef\xbf\xbd\xef\xbf\xbd\xef\xbf\xbd\xef\xbf\xbd.\r\n in Unknown on line 0
PHP Warning:  PHP Startup: Unable to load dynamic library 'C:\\php\\ext\\php_openssl.dll' - \xef\xbf\xbd\xef\xbf\xbd \xef\xbf\xbd\xef\xbf\xbd\xef\xbf\xbd\xef\xbf\xbd\xef\xbf\xbd\xef\xbf\xbd \xef\xbf\xbd\xef\xbf\xbd\xef\xbf\xbd\xef\xbf\xbd\xef\xbf\xbd\xef\xbf\xbd\xef\xbf\xbd\xef\xbf\xbd \xef\xbf\xbd\xef\xbf\xbd\xef\xbf\xbd\xef\xbf\xbd\xef\xbf\xbd.\r\n in Unknown on line 0
[Wed Jul 05 20:49:52.571397 2017] [mpm_winnt:notice] [pid 5864:tid 612] AH00455: Apache/2.4.26 (Win64) PHP/5.6.30 configured -- resuming normal operations
[Wed Jul 05 20:49:52.571397 2017] [mpm_winnt:notice] [pid 5864:tid 612] AH00456: Apache Lounge VC11 Server built: Jun 18 2017 13:51:19
[Wed Jul 05 20:49:52.571397 2017] [core:notice] [pid 5864:tid 612] AH00094: Command line: 'D:\\USR\\apache\\bin\\httpd.exe -d D:/USR/apache'
[Wed Jul 05 20:49:52.572902 2017] [mpm_winnt:notice] [pid 5864:tid 612] AH00418: Parent: Created child process 724
PHP Warning:  PHP Startup: Unable to load dynamic library 'C:\\php\\ext\\php_mbstring.dll' - \xef\xbf\xbd\xef\xbf\xbd \xef\xbf\xbd\xef\xbf\xbd\xef\xbf\xbd\xef\xbf\xbd\xef\xbf\xbd\xef\xbf\xbd \xef\xbf\xbd\xef\xbf\xbd\xef\xbf\xbd\xef\xbf\xbd\xef\xbf\xbd\xef\xbf\xbd\xef\xbf\xbd\xef\xbf\xbd \xef\xbf\xbd\xef\xbf\xbd\xef\xbf\xbd\xef\xbf\xbd\xef\xbf\xbd.\r\n in Unknown on line 0
PHP Warning:  PHP Startup: Unable to load dynamic library 'C:\\php\\ext\\php_mysql.dll' - \xef\xbf\xbd\xef\xbf\xbd \xef\xbf\xbd\xef\xbf\xbd\xef\xbf\xbd\xef\xbf\xbd\xef\xbf\xbd\xef\xbf\xbd \xef\xbf\xbd\xef\xbf\xbd\xef\xbf\xbd\xef\xbf\xbd\xef\xbf\xbd\xef\xbf\xbd\xef\xbf\xbd\xef\xbf\xbd \xef\xbf\xbd\xef\xbf\xbd\xef\xbf\xbd\xef\xbf\xbd\xef\xbf\xbd.\r\n in Unknown on line 0
PHP Warning:  PHP Startup: Unable to load dynamic library 'C:\\php\\ext\\php_mysqli.dll' - \xef\xbf\xbd\xef\xbf\xbd \xef\xbf\xbd\xef\xbf\xbd\xef\xbf\xbd\xef\xbf\xbd\xef\xbf\xbd\xef\xbf\xbd \xef\xbf\xbd\xef\xbf\xbd\xef\xbf\xbd\xef\xbf\xbd\xef\xbf\xbd\xef\xbf\xbd\xef\xbf\xbd\xef\xbf\xbd \xef\xbf\xbd\xef\xbf\xbd\xef\xbf\xbd\xef\xbf\xbd\xef\xbf\xbd.\r\n in Unknown on line 0
PHP Warning:  PHP Startup: Unable to load dynamic library 'C:\\php\\ext\\php_openssl.dll' - \xef\xbf\xbd\xef\xbf\xbd \xef\xbf\xbd\xef\xbf\xbd\xef\xbf\xbd\xef\xbf\xbd\xef\xbf\xbd\xef\xbf\xbd \xef\xbf\xbd\xef\xbf\xbd\xef\xbf\xbd\xef\xbf\xbd\xef\xbf\xbd\xef\xbf\xbd\xef\xbf\xbd\xef\xbf\xbd \xef\xbf\xbd\xef\xbf\xbd\xef\xbf\xbd\xef\xbf\xbd\xef\xbf\xbd.\r\n in Unknown on line 0
[Wed Jul 05 20:49:53.491715 2017] [mpm_winnt:notice] [pid 724:tid 548] AH00354: Child: Starting 64 worker threads.
[Wed Jul 05 20:49:54.491948 2017] [mpm_winnt:notice] [pid 10880:tid 580] AH00364: Child: All worker threads have exited.
[Wed Jul 05 20:53:25.132631 2017] [mpm_winnt:notice] [pid 5864:tid 612] AH00422: Parent: Received shutdown signal -- Shutting down the server.
[Wed Jul 05 20:53:27.148504 2017] [mpm_winnt:notice] [pid 724:tid 548] AH00364: Child: All worker threads have exited.
[Wed Jul 05 20:53:55.136602 2017] [mpm_winnt:notice] [pid 5864:tid 612] AH00431: Parent: Forcing termination of child process 724
PHP Warning:  PHP Startup: Unable to load dynamic library 'C:\\php\\ext\\php_mbstring.dll' - \xef\xbf\xbd\xef\xbf\xbd \xef\xbf\xbd\xef\xbf\xbd\xef\xbf\xbd\xef\xbf\xbd\xef\xbf\xbd\xef\xbf\xbd \xef\xbf\xbd\xef\xbf\xbd\xef\xbf\xbd\xef\xbf\xbd\xef\xbf\xbd\xef\xbf\xbd\xef\xbf\xbd\xef\xbf\xbd \xef\xbf\xbd\xef\xbf\xbd\xef\xbf\xbd\xef\xbf\xbd\xef\xbf\xbd.\r\n in Unknown on line 0
PHP Warning:  PHP Startup: Unable to load dynamic library 'C:\\php\\ext\\php_mysql.dll' - \xef\xbf\xbd\xef\xbf\xbd \xef\xbf\xbd\xef\xbf\xbd\xef\xbf\xbd\xef\xbf\xbd\xef\xbf\xbd\xef\xbf\xbd \xef\xbf\xbd\xef\xbf\xbd\xef\xbf\xbd\xef\xbf\xbd\xef\xbf\xbd\xef\xbf\xbd\xef\xbf\xbd\xef\xbf\xbd \xef\xbf\xbd\xef\xbf\xbd\xef\xbf\xbd\xef\xbf\xbd\xef\xbf\xbd.\r\n in Unknown on line 0
PHP Warning:  PHP Startup: Unable to load dynamic library 'C:\\php\\ext\\php_mysqli.dll' - \xef\xbf\xbd\xef\xbf\xbd \xef\xbf\xbd\xef\xbf\xbd\xef\xbf\xbd\xef\xbf\xbd\xef\xbf\xbd\xef\xbf\xbd \xef\xbf\xbd\xef\xbf\xbd\xef\xbf\xbd\xef\xbf\xbd\xef\xbf\xbd\xef\xbf\xbd\xef\xbf\xbd\xef\xbf\xbd \xef\xbf\xbd\xef\xbf\xbd\xef\xbf\xbd\xef\xbf\xbd\xef\xbf\xbd.\r\n in Unknown on line 0
PHP Warning:  PHP Startup: Unable to load dynamic library 'C:\\php\\ext\\php_openssl.dll' - \xef\xbf\xbd\xef\xbf\xbd \xef\xbf\xbd\xef\xbf\xbd\xef\xbf\xbd\xef\xbf\xbd\xef\xbf\xbd\xef\xbf\xbd \xef\xbf\xbd\xef\xbf\xbd\xef\xbf\xbd\xef\xbf\xbd\xef\xbf\xbd\xef\xbf\xbd\xef\xbf\xbd\xef\xbf\xbd \xef\xbf\xbd\xef\xbf\xbd\xef\xbf\xbd\xef\xbf\xbd\xef\xbf\xbd.\r\n in Unknown on line 0
[Wed Jul 05 20:56:49.521922 2017] [mpm_winnt:notice] [pid 2404:tid 596] AH00455: Apache/2.4.26 (Win64) PHP/5.6.30 configured -- resuming normal operations
[Wed Jul 05 20:56:49.521922 2017] [mpm_winnt:notice] [pid 2404:tid 596] AH00456: Apache Lounge VC11 Server built: Jun 18 2017 13:51:19
[Wed Jul 05 20:56:49.521922 2017] [core:notice] [pid 2404:tid 596] AH00094: Command line: 'D:\\USR\\apache\\bin\\httpd.exe -d D:/USR/apache'
[Wed Jul 05 20:56:49.568803 2017] [mpm_winnt:notice] [pid 2404:tid 596] AH00418: Parent: Created child process 4920
PHP Warning:  PHP Startup: Unable to load dynamic library 'C:\\php\\ext\\php_mbstring.dll' - \xef\xbf\xbd\xef\xbf\xbd \xef\xbf\xbd\xef\xbf\xbd\xef\xbf\xbd\xef\xbf\xbd\xef\xbf\xbd\xef\xbf\xbd \xef\xbf\xbd\xef\xbf\xbd\xef\xbf\xbd\xef\xbf\xbd\xef\xbf\xbd\xef\xbf\xbd\xef\xbf\xbd\xef\xbf\xbd \xef\xbf\xbd\xef\xbf\xbd\xef\xbf\xbd\xef\xbf\xbd\xef\xbf\xbd.\r\n in Unknown on line 0
PHP Warning:  PHP Startup: Unable to load dynamic library 'C:\\php\\ext\\php_mysql.dll' - \xef\xbf\xbd\xef\xbf\xbd \xef\xbf\xbd\xef\xbf\xbd\xef\xbf\xbd\xef\xbf\xbd\xef\xbf\xbd\xef\xbf\xbd \xef\xbf\xbd\xef\xbf\xbd\xef\xbf\xbd\xef\xbf\xbd\xef\xbf\xbd\xef\xbf\xbd\xef\xbf\xbd\xef\xbf\xbd \xef\xbf\xbd\xef\xbf\xbd\xef\xbf\xbd\xef\xbf\xbd\xef\xbf\xbd.\r\n in Unknown on line 0
PHP Warning:  PHP Startup: Unable to load dynamic library 'C:\\php\\ext\\php_mysqli.dll' - \xef\xbf\xbd\xef\xbf\xbd \xef\xbf\xbd\xef\xbf\xbd\xef\xbf\xbd\xef\xbf\xbd\xef\xbf\xbd\xef\xbf\xbd \xef\xbf\xbd\xef\xbf\xbd\xef\xbf\xbd\xef\xbf\xbd\xef\xbf\xbd\xef\xbf\xbd\xef\xbf\xbd\xef\xbf\xbd \xef\xbf\xbd\xef\xbf\xbd\xef\xbf\xbd\xef\xbf\xbd\xef\xbf\xbd.\r\n in Unknown on line 0
PHP Warning:  PHP Startup: Unable to load dynamic library 'C:\\php\\ext\\php_openssl.dll' - \xef\xbf\xbd\xef\xbf\xbd \xef\xbf\xbd\xef\xbf\xbd\xef\xbf\xbd\xef\xbf\xbd\xef\xbf\xbd\xef\xbf\xbd \xef\xbf\xbd\xef\xbf\xbd\xef\xbf\xbd\xef\xbf\xbd\xef\xbf\xbd\xef\xbf\xbd\xef\xbf\xbd\xef\xbf\xbd \xef\xbf\xbd\xef\xbf\xbd\xef\xbf\xbd\xef\xbf\xbd\xef\xbf\xbd.\r\n in Unknown on line 0
[Wed Jul 05 20:56:50.408969 2017] [mpm_winnt:notice] [pid 4920:tid 460] AH00354: Child: Starting 64 worker threads.
[Wed Jul 05 21:00:30.530096 2017] [mpm_winnt:notice] [pid 2404:tid 596] AH00424: Parent: Received restart signal -- Restarting the server.
PHP Warning:  PHP Startup: Unable to load dynamic library 'C:\\php\\ext\\php_mbstring.dll' - \xef\xbf\xbd\xef\xbf\xbd \xef\xbf\xbd\xef\xbf\xbd\xef\xbf\xbd\xef\xbf\xbd\xef\xbf\xbd\xef\xbf\xbd \xef\xbf\xbd\xef\xbf\xbd\xef\xbf\xbd\xef\xbf\xbd\xef\xbf\xbd\xef\xbf\xbd\xef\xbf\xbd\xef\xbf\xbd \xef\xbf\xbd\xef\xbf\xbd\xef\xbf\xbd\xef\xbf\xbd\xef\xbf\xbd.\r\n in Unknown on line 0
PHP Warning:  PHP Startup: Unable to load dynamic library 'C:\\php\\ext\\php_mysql.dll' - \xef\xbf\xbd\xef\xbf\xbd \xef\xbf\xbd\xef\xbf\xbd\xef\xbf\xbd\xef\xbf\xbd\xef\xbf\xbd\xef\xbf\xbd \xef\xbf\xbd\xef\xbf\xbd\xef\xbf\xbd\xef\xbf\xbd\xef\xbf\xbd\xef\xbf\xbd\xef\xbf\xbd\xef\xbf\xbd \xef\xbf\xbd\xef\xbf\xbd\xef\xbf\xbd\xef\xbf\xbd\xef\xbf\xbd.\r\n in Unknown on line 0
PHP Warning:  PHP Startup: Unable to load dynamic library 'C:\\php\\ext\\php_mysqli.dll' - \xef\xbf\xbd\xef\xbf\xbd \xef\xbf\xbd\xef\xbf\xbd\xef\xbf\xbd\xef\xbf\xbd\xef\xbf\xbd\xef\xbf\xbd \xef\xbf\xbd\xef\xbf\xbd\xef\xbf\xbd\xef\xbf\xbd\xef\xbf\xbd\xef\xbf\xbd\xef\xbf\xbd\xef\xbf\xbd \xef\xbf\xbd\xef\xbf\xbd\xef\xbf\xbd\xef\xbf\xbd\xef\xbf\xbd.\r\n in Unknown on line 0
PHP Warning:  PHP Startup: Unable to load dynamic library 'C:\\php\\ext\\php_openssl.dll' - \xef\xbf\xbd\xef\xbf\xbd \xef\xbf\xbd\xef\xbf\xbd\xef\xbf\xbd\xef\xbf\xbd\xef\xbf\xbd\xef\xbf\xbd \xef\xbf\xbd\xef\xbf\xbd\xef\xbf\xbd\xef\xbf\xbd\xef\xbf\xbd\xef\xbf\xbd\xef\xbf\xbd\xef\xbf\xbd \xef\xbf\xbd\xef\xbf\xbd\xef\xbf\xbd\xef\xbf\xbd\xef\xbf\xbd.\r\n in Unknown on line 0
[Wed Jul 05 21:00:30.624412 2017] [mpm_winnt:notice] [pid 2404:tid 596] AH00455: Apache/2.4.26 (Win64) PHP/5.6.30 configured -- resuming normal operations
[Wed Jul 05 21:00:30.624412 2017] [mpm_winnt:notice] [pid 2404:tid 596] AH00456: Apache Lounge VC11 Server built: Jun 18 2017 13:51:19
[Wed Jul 05 21:00:30.624412 2017] [core:notice] [pid 2404:tid 596] AH00094: Command line: 'D:\\USR\\apache\\bin\\httpd.exe -d D:/USR/apache'
[Wed Jul 05 21:00:30.626413 2017] [mpm_winnt:notice] [pid 2404:tid 596] AH00418: Parent: Created child process 6800
PHP Warning:  PHP Startup: Unable to load dynamic library 'C:\\php\\ext\\php_mbstring.dll' - \xef\xbf\xbd\xef\xbf\xbd \xef\xbf\xbd\xef\xbf\xbd\xef\xbf\xbd\xef\xbf\xbd\xef\xbf\xbd\xef\xbf\xbd \xef\xbf\xbd\xef\xbf\xbd\xef\xbf\xbd\xef\xbf\xbd\xef\xbf\xbd\xef\xbf\xbd\xef\xbf\xbd\xef\xbf\xbd \xef\xbf\xbd\xef\xbf\xbd\xef\xbf\xbd\xef\xbf\xbd\xef\xbf\xbd.\r\n in Unknown on line 0
PHP Warning:  PHP Startup: Unable to load dynamic library 'C:\\php\\ext\\php_mysql.dll' - \xef\xbf\xbd\xef\xbf\xbd \xef\xbf\xbd\xef\xbf\xbd\xef\xbf\xbd\xef\xbf\xbd\xef\xbf\xbd\xef\xbf\xbd \xef\xbf\xbd\xef\xbf\xbd\xef\xbf\xbd\xef\xbf\xbd\xef\xbf\xbd\xef\xbf\xbd\xef\xbf\xbd\xef\xbf\xbd \xef\xbf\xbd\xef\xbf\xbd\xef\xbf\xbd\xef\xbf\xbd\xef\xbf\xbd.\r\n in Unknown on line 0
PHP Warning:  PHP Startup: Unable to load dynamic library 'C:\\php\\ext\\php_mysqli.dll' - \xef\xbf\xbd\xef\xbf\xbd \xef\xbf\xbd\xef\xbf\xbd\xef\xbf\xbd\xef\xbf\xbd\xef\xbf\xbd\xef\xbf\xbd \xef\xbf\xbd\xef\xbf\xbd\xef\xbf\xbd\xef\xbf\xbd\xef\xbf\xbd\xef\xbf\xbd\xef\xbf\xbd\xef\xbf\xbd \xef\xbf\xbd\xef\xbf\xbd\xef\xbf\xbd\xef\xbf\xbd\xef\xbf\xbd.\r\n in Unknown on line 0
PHP Warning:  PHP Startup: Unable to load dynamic library 'C:\\php\\ext\\php_openssl.dll' - \xef\xbf\xbd\xef\xbf\xbd \xef\xbf\xbd\xef\xbf\xbd\xef\xbf\xbd\xef\xbf\xbd\xef\xbf\xbd\xef\xbf\xbd \xef\xbf\xbd\xef\xbf\xbd\xef\xbf\xbd\xef\xbf\xbd\xef\xbf\xbd\xef\xbf\xbd\xef\xbf\xbd\xef\xbf\xbd \xef\xbf\xbd\xef\xbf\xbd\xef\xbf\xbd\xef\xbf\xbd\xef\xbf\xbd.\r\n in Unknown on line 0
[Wed Jul 05 21:00:31.535447 2017] [mpm_winnt:notice] [pid 6800:tid 544] AH00354: Child: Starting 64 worker threads.
[Wed Jul 05 21:00:32.541403 2017] [mpm_winnt:notice] [pid 4920:tid 460] AH00364: Child: All worker threads have exited.
[Wed Jul 05 21:02:31.354034 2017] [mpm_winnt:notice] [pid 2404:tid 596] AH00424: Parent: Received restart signal -- Restarting the server.
[Wed Jul 05 21:02:31.811551 2017] [mpm_winnt:notice] [pid 2404:tid 596] AH00455: Apache/2.4.26 (Win64) PHP/5.6.30 configured -- resuming normal operations
[Wed Jul 05 21:02:31.812053 2017] [mpm_winnt:notice] [pid 2404:tid 596] AH00456: Apache Lounge VC11 Server built: Jun 18 2017 13:51:19
[Wed Jul 05 21:02:31.812053 2017] [core:notice] [pid 2404:tid 596] AH00094: Command line: 'D:\\USR\\apache\\bin\\httpd.exe -d D:/USR/apache'
[Wed Jul 05 21:02:31.821293 2017] [mpm_winnt:notice] [pid 2404:tid 596] AH00418: Parent: Created child process 7696
[Wed Jul 05 21:02:32.354828 2017] [mpm_winnt:notice] [pid 7696:tid 556] AH00354: Child: Starting 64 worker threads.
[Wed Jul 05 21:02:33.355750 2017] [mpm_winnt:notice] [pid 6800:tid 544] AH00364: Child: All worker threads have exited.
[Wed Jul 05 21:08:46.578117 2017] [mpm_winnt:notice] [pid 2404:tid 596] AH00422: Parent: Received shutdown signal -- Shutting down the server.
[Wed Jul 05 21:08:48.587424 2017] [mpm_winnt:notice] [pid 7696:tid 556] AH00364: Child: All worker threads have exited.
[Wed Jul 05 21:08:48.610573 2017] [mpm_winnt:notice] [pid 2404:tid 596] AH00430: Parent: Child process 7696 exited successfully.
[Wed Jul 05 21:15:10.019462 2017] [mpm_winnt:notice] [pid 2244:tid 636] AH00455: Apache/2.4.26 (Win64) PHP/5.6.30 configured -- resuming normal operations
[Wed Jul 05 21:15:10.019462 2017] [mpm_winnt:notice] [pid 2244:tid 636] AH00456: Apache Lounge VC11 Server built: Jun 18 2017 13:51:19
[Wed Jul 05 21:15:10.019462 2017] [core:notice] [pid 2244:tid 636] AH00094: Command line: 'D:\\USR\\apache\\bin\\httpd.exe -d D:/USR/apache'
[Wed Jul 05 21:15:10.035089 2017] [mpm_winnt:notice] [pid 2244:tid 636] AH00418: Parent: Created child process 4228
[Wed Jul 05 21:15:10.610206 2017] [mpm_winnt:notice] [pid 4228:tid 560] AH00354: Child: Starting 64 worker threads.
[Wed Jul 05 21:20:36.907179 2017] [mpm_winnt:notice] [pid 2244:tid 636] AH00422: Parent: Received shutdown signal -- Shutting down the server.
[Wed Jul 05 21:20:38.938983 2017] [mpm_winnt:notice] [pid 4228:tid 560] AH00364: Child: All worker threads have exited.
[Wed Jul 05 21:21:06.910951 2017] [mpm_winnt:notice] [pid 2244:tid 636] AH00431: Parent: Forcing termination of child process 4228
[Wed Jul 05 21:23:18.110268 2017] [mpm_winnt:notice] [pid 2268:tid 432] AH00455: Apache/2.4.26 (Win64) PHP/5.6.30 configured -- resuming normal operations
[Wed Jul 05 21:23:18.110268 2017] [mpm_winnt:notice] [pid 2268:tid 432] AH00456: Apache Lounge VC11 Server built: Jun 18 2017 13:51:19
[Wed Jul 05 21:23:18.110268 2017] [core:notice] [pid 2268:tid 432] AH00094: Command line: 'D:\\USR\\apache\\bin\\httpd.exe -d D:/USR/apache'
[Wed Jul 05 21:23:18.143106 2017] [mpm_winnt:notice] [pid 2268:tid 432] AH00418: Parent: Created child process 4192
[Wed Jul 05 21:23:18.688384 2017] [mpm_winnt:notice] [pid 4192:tid 552] AH00354: Child: Starting 64 worker threads.
[Wed Jul 05 21:35:22.860805 2017] [mpm_winnt:notice] [pid 2268:tid 432] AH00422: Parent: Received shutdown signal -- Shutting down the server.
[Wed Jul 05 21:35:24.877090 2017] [mpm_winnt:notice] [pid 4192:tid 552] AH00364: Child: All worker threads have exited.
[Wed Jul 05 21:35:52.865860 2017] [mpm_winnt:notice] [pid 2268:tid 432] AH00431: Parent: Forcing termination of child process 4192
[Wed Jul 05 21:39:49.362796 2017] [mpm_winnt:notice] [pid 2176:tid 540] AH00455: Apache/2.4.26 (Win64) PHP/5.6.30 configured -- resuming normal operations
[Wed Jul 05 21:39:49.362796 2017] [mpm_winnt:notice] [pid 2176:tid 540] AH00456: Apache Lounge VC11 Server built: Jun 18 2017 13:51:19
[Wed Jul 05 21:39:49.362796 2017] [core:notice] [pid 2176:tid 540] AH00094: Command line: 'D:\\USR\\apache\\bin\\httpd.exe -d D:/USR/apache'
[Wed Jul 05 21:39:49.385649 2017] [mpm_winnt:notice] [pid 2176:tid 540] AH00418: Parent: Created child process 4104
[Wed Jul 05 21:39:49.958425 2017] [mpm_winnt:notice] [pid 4104:tid 460] AH00354: Child: Starting 64 worker threads.
[Tue Jul 11 23:05:54.602700 2017] [mpm_winnt:notice] [pid 2176:tid 540] AH00422: Parent: Received shutdown signal -- Shutting down the server.
[Tue Jul 11 23:05:56.634629 2017] [mpm_winnt:notice] [pid 4104:tid 460] AH00364: Child: All worker threads have exited.
[Tue Jul 11 23:05:56.869321 2017] [mpm_winnt:notice] [pid 2176:tid 540] AH00430: Parent: Child process 4104 exited successfully.
[Wed Jul 12 11:35:21.043724 2017] [mpm_winnt:notice] [pid 2304:tid 424] AH00455: Apache/2.4.26 (Win64) PHP/5.6.30 configured -- resuming normal operations
[Wed Jul 12 11:35:21.043724 2017] [mpm_winnt:notice] [pid 2304:tid 424] AH00456: Apache Lounge VC11 Server built: Jun 18 2017 13:51:19
[Wed Jul 12 11:35:21.043724 2017] [core:notice] [pid 2304:tid 424] AH00094: Command line: 'D:\\USR\\apache\\bin\\httpd.exe -d D:/USR/apache'
[Wed Jul 12 11:35:21.074978 2017] [mpm_winnt:notice] [pid 2304:tid 424] AH00418: Parent: Created child process 3804
[Wed Jul 12 11:35:21.496897 2017] [mpm_winnt:notice] [pid 3804:tid 520] AH00354: Child: Starting 64 worker threads.
