::1 - - [05/Jul/2017:20:30:26 +0300] "GET / HTTP/1.1" 200 2
::1 - - [05/Jul/2017:20:30:26 +0300] "GET /favicon.ico HTTP/1.1" 404 209
::1 - - [05/Jul/2017:20:31:13 +0300] "GET / HTTP/1.1" 304 -
::1 - - [05/Jul/2017:20:31:41 +0300] "GET / HTTP/1.1" 200 2
::1 - - [05/Jul/2017:20:31:51 +0300] "GET / HTTP/1.1" 304 -
::1 - - [05/Jul/2017:20:31:52 +0300] "GET / HTTP/1.1" 304 -
::1 - - [05/Jul/2017:20:32:02 +0300] "GET / HTTP/1.1" 304 -
::1 - - [05/Jul/2017:20:32:02 +0300] "GET / HTTP/1.1" 304 -
::1 - - [05/Jul/2017:20:32:02 +0300] "GET / HTTP/1.1" 304 -
::1 - - [05/Jul/2017:20:32:02 +0300] "GET / HTTP/1.1" 304 -
::1 - - [05/Jul/2017:20:32:02 +0300] "GET / HTTP/1.1" 304 -
::1 - - [05/Jul/2017:20:32:08 +0300] "GET / HTTP/1.1" 304 -
::1 - - [05/Jul/2017:20:32:08 +0300] "GET / HTTP/1.1" 304 -
::1 - - [05/Jul/2017:20:32:11 +0300] "GET / HTTP/1.1" 304 -
::1 - - [05/Jul/2017:20:32:11 +0300] "GET / HTTP/1.1" 304 -
::1 - - [05/Jul/2017:20:32:11 +0300] "GET / HTTP/1.1" 304 -
::1 - - [05/Jul/2017:20:32:12 +0300] "GET / HTTP/1.1" 304 -
::1 - - [05/Jul/2017:20:36:54 +0300] "GET /phpmyadmin/index.php?token=39b10c89fda867483844d7501022b774&set_theme=pmahomme HTTP/1.1" 404 218
::1 - - [05/Jul/2017:20:42:30 +0300] "GET /phpmyadmin/index.php?token=39b10c89fda867483844d7501022b774&set_theme=pmahomme HTTP/1.1" 500 1073
::1 - - [05/Jul/2017:20:42:30 +0300] "GET /phpmyadmin/favicon.ico HTTP/1.1" 200 22486
::1 - - [05/Jul/2017:20:42:47 +0300] "GET /phpmyadmin/index.php?token=39b10c89fda867483844d7501022b774&set_theme=pmahomme HTTP/1.1" 500 1073
::1 - - [05/Jul/2017:20:42:47 +0300] "GET /phpmyadmin/favicon.ico HTTP/1.1" 200 22486
::1 - - [05/Jul/2017:20:42:49 +0300] "GET /phpmyadmin/url.php?url=https%3A%2F%2Fsecure.php.net%2Fmanual%2Fen%2Fbook.mbstring.php HTTP/1.1" 500 1073
::1 - - [05/Jul/2017:20:43:23 +0300] "GET /phpmyadmin HTTP/1.1" 301 236
::1 - - [05/Jul/2017:20:43:23 +0300] "GET /phpmyadmin/ HTTP/1.1" 500 1073
::1 - - [05/Jul/2017:20:44:32 +0300] "GET / HTTP/1.1" 304 -
::1 - - [05/Jul/2017:20:44:33 +0300] "GET / HTTP/1.1" 304 -
::1 - - [05/Jul/2017:20:44:34 +0300] "GET / HTTP/1.1" 304 -
::1 - - [05/Jul/2017:20:44:35 +0300] "GET / HTTP/1.1" 304 -
::1 - - [05/Jul/2017:20:44:35 +0300] "GET / HTTP/1.1" 304 -
::1 - - [05/Jul/2017:20:44:35 +0300] "GET / HTTP/1.1" 304 -
::1 - - [05/Jul/2017:20:44:35 +0300] "GET / HTTP/1.1" 304 -
::1 - - [05/Jul/2017:20:44:35 +0300] "GET / HTTP/1.1" 304 -
::1 - - [05/Jul/2017:20:44:35 +0300] "GET / HTTP/1.1" 304 -
::1 - - [05/Jul/2017:20:44:35 +0300] "GET / HTTP/1.1" 304 -
::1 - - [05/Jul/2017:20:44:36 +0300] "GET / HTTP/1.1" 304 -
::1 - - [05/Jul/2017:20:44:52 +0300] "GET / HTTP/1.1" 200 84311
::1 - - [05/Jul/2017:20:44:52 +0300] "GET / HTTP/1.1" 200 83716
::1 - - [05/Jul/2017:20:45:01 +0300] "GET / HTTP/1.1" 200 2
::1 - - [05/Jul/2017:20:45:02 +0300] "GET / HTTP/1.1" 304 -
::1 - - [05/Jul/2017:20:45:08 +0300] "GET /phpmyadmin/ HTTP/1.1" 500 1073
::1 - - [05/Jul/2017:20:45:08 +0300] "GET /phpmyadmin/favicon.ico HTTP/1.1" 200 22486
::1 - - [05/Jul/2017:20:45:08 +0300] "GET /phpmyadmin/ HTTP/1.1" 500 1073
::1 - - [05/Jul/2017:20:45:08 +0300] "GET /phpmyadmin/favicon.ico HTTP/1.1" 200 22486
::1 - - [05/Jul/2017:20:48:12 +0300] "GET /phpmyadmin/index.php?token=39b10c89fda867483844d7501022b774&set_theme=pmahomme HTTP/1.1" 500 1073
::1 - - [05/Jul/2017:20:48:14 +0300] "GET /phpmyadmin/url.php?url=https%3A%2F%2Fsecure.php.net%2Fmanual%2Fen%2Fbook.mbstring.php HTTP/1.1" 500 1073
::1 - - [05/Jul/2017:20:49:10 +0300] "GET /phpmyadmin/ HTTP/1.1" 500 1073
::1 - - [05/Jul/2017:20:49:10 +0300] "GET /phpmyadmin/favicon.ico HTTP/1.1" 200 22486
::1 - - [05/Jul/2017:20:49:11 +0300] "GET /phpmyadmin/ HTTP/1.1" 500 1073
::1 - - [05/Jul/2017:20:49:11 +0300] "GET /phpmyadmin/favicon.ico HTTP/1.1" 200 22486
::1 - - [05/Jul/2017:20:49:11 +0300] "GET /phpmyadmin/ HTTP/1.1" 500 1073
::1 - - [05/Jul/2017:20:49:12 +0300] "GET /phpmyadmin/favicon.ico HTTP/1.1" 200 22486
::1 - - [05/Jul/2017:20:49:18 +0300] "GET /phpmyadmin/index.php?token=39b10c89fda867483844d7501022b774&set_theme=pmahomme HTTP/1.1" 500 1073
::1 - - [05/Jul/2017:20:49:56 +0300] "GET /phpmyadmin/index.php?token=39b10c89fda867483844d7501022b774&set_theme=pmahomme HTTP/1.1" 500 1073
::1 - - [05/Jul/2017:20:51:28 +0300] "GET /php.index HTTP/1.1" 404 207
::1 - - [05/Jul/2017:20:51:39 +0300] "GET /index.php HTTP/1.1" 200 83508
::1 - - [05/Jul/2017:20:57:18 +0300] "GET / HTTP/1.1" 200 2
::1 - - [05/Jul/2017:20:57:19 +0300] "GET /favicon.ico HTTP/1.1" 404 209
::1 - - [05/Jul/2017:20:57:20 +0300] "GET /phpmyadmin/index.php?token=39b10c89fda867483844d7501022b774&set_theme=pmahomme HTTP/1.1" 500 1073
::1 - - [05/Jul/2017:21:01:10 +0300] "GET /index.php HTTP/1.1" 200 83506
::1 - - [05/Jul/2017:21:02:25 +0300] "GET /phpmyadmin/index.php?token=39b10c89fda867483844d7501022b774&set_theme=pmahomme HTTP/1.1" 500 1073
::1 - - [05/Jul/2017:21:02:35 +0300] "GET /phpmyadmin/index.php?token=39b10c89fda867483844d7501022b774&set_theme=pmahomme HTTP/1.1" 200 2380
::1 - - [05/Jul/2017:21:02:37 +0300] "GET /phpmyadmin/themes/pmahomme/jquery/jquery-ui.css HTTP/1.1" 200 36566
::1 - - [05/Jul/2017:21:02:37 +0300] "GET /phpmyadmin/js/codemirror/addon/hint/show-hint.css?v=4.7.2 HTTP/1.1" 200 623
::1 - - [05/Jul/2017:21:02:37 +0300] "GET /phpmyadmin/js/codemirror/addon/lint/lint.css?v=4.7.2 HTTP/1.1" 200 2999
::1 - - [05/Jul/2017:21:02:37 +0300] "GET /phpmyadmin/js/codemirror/lib/codemirror.css?v=4.7.2 HTTP/1.1" 200 8132
::1 - - [05/Jul/2017:21:02:37 +0300] "GET /phpmyadmin/phpmyadmin.css.php?nocache=4496740519ltr HTTP/1.1" 200 20122
::1 - - [05/Jul/2017:21:02:37 +0300] "GET /phpmyadmin/js/get_scripts.js.php?scripts%5B%5D=jquery/jquery.ba-hashchange-1.3.js&scripts%5B%5D=jquery/jquery.debounce-1.0.5.js&scripts%5B%5D=menu-resizer.js&scripts%5B%5D=cross_framing_protection.js&scripts%5B%5D=rte.js&scripts%5B%5D=tracekit/tracekit.js&scripts%5B%5D=error_report.js&scripts%5B%5D=config.js&scripts%5B%5D=doclinks.js&scripts%5B%5D=functions.js&v=4.7.2 HTTP/1.1" 200 77857
::1 - - [05/Jul/2017:21:02:37 +0300] "GET /phpmyadmin/js/get_scripts.js.php?scripts%5B%5D=navigation.js&scripts%5B%5D=indexes.js&scripts%5B%5D=common.js&scripts%5B%5D=page_settings.js&scripts%5B%5D=shortcuts_handler.js&scripts%5B%5D=codemirror/lib/codemirror.js&scripts%5B%5D=codemirror/mode/sql/sql.js&scripts%5B%5D=codemirror/addon/runmode/runmode.js&scripts%5B%5D=codemirror/addon/hint/show-hint.js&scripts%5B%5D=codemirror/addon/hint/sql-hint.js&v=4.7.2 HTTP/1.1" 200 135447
::1 - - [05/Jul/2017:21:02:37 +0300] "GET /phpmyadmin/js/get_scripts.js.php?scripts%5B%5D=codemirror/addon/lint/lint.js&scripts%5B%5D=codemirror/addon/lint/sql-lint.js&scripts%5B%5D=console.js&v=4.7.2 HTTP/1.1" 200 13114
::1 - - [05/Jul/2017:21:02:37 +0300] "GET /phpmyadmin/js/get_scripts.js.php?scripts%5B%5D=jquery/jquery.min.js&scripts%5B%5D=jquery/jquery-migrate-3.0.0.js&scripts%5B%5D=sprintf.js&scripts%5B%5D=ajax.js&scripts%5B%5D=keyhandler.js&scripts%5B%5D=jquery/jquery-ui.min.js&scripts%5B%5D=jquery/jquery.cookie.js&scripts%5B%5D=jquery/jquery.mousewheel.js&scripts%5B%5D=jquery/jquery.event.drag-2.2.js&scripts%5B%5D=jquery/jquery-ui-timepicker-addon.js&v=4.7.2 HTTP/1.1" 200 138778
::1 - - [05/Jul/2017:21:02:37 +0300] "GET /phpmyadmin/js/whitelist.php?v=4.7.2&lang=ru&collation_connection=utf8mb4_unicode_ci HTTP/1.1" 200 475
::1 - - [05/Jul/2017:21:02:38 +0300] "GET /phpmyadmin/js/messages.php?v=4.7.2&lang=ru&collation_connection=utf8mb4_unicode_ci HTTP/1.1" 200 11393
::1 - - [05/Jul/2017:21:02:38 +0300] "GET /phpmyadmin/js/get_image.js.php?theme=pmahomme&v=4.7.2&lang=ru&collation_connection=utf8mb4_unicode_ci HTTP/1.1" 200 1841
::1 - - [05/Jul/2017:21:02:39 +0300] "GET /phpmyadmin/themes/dot.gif HTTP/1.1" 200 43
::1 - - [05/Jul/2017:21:02:39 +0300] "GET /phpmyadmin/themes/pmahomme/css/printview.css?v=4.7.2 HTTP/1.1" 200 2746
::1 - - [05/Jul/2017:21:02:39 +0300] "GET /phpmyadmin/themes/pmahomme/img/sprites.png?v=4.7.2 HTTP/1.1" 200 15764
::1 - - [05/Jul/2017:21:05:01 +0300] "GET /phpmyadmin/index.php?lang=ru&collation_connection=utf8mb4_unicode_ci HTTP/1.1" 200 2354
::1 - - [05/Jul/2017:21:05:01 +0300] "GET /phpmyadmin/js/whitelist.php?v=4.7.2 HTTP/1.1" 200 475
::1 - - [05/Jul/2017:21:05:01 +0300] "GET /phpmyadmin/js/messages.php?v=4.7.2 HTTP/1.1" 200 11393
::1 - - [05/Jul/2017:21:05:01 +0300] "GET /phpmyadmin/js/get_image.js.php?theme=pmahomme&v=4.7.2 HTTP/1.1" 200 1841
::1 - - [05/Jul/2017:21:06:15 +0300] "GET /phpmyadmin/index.php?lang=ru&collation_connection=utf8mb4_unicode_ci HTTP/1.1" 200 2354
::1 - - [05/Jul/2017:21:06:16 +0300] "GET /phpmyadmin/favicon.ico HTTP/1.1" 200 22486
::1 - - [05/Jul/2017:21:06:50 +0300] "GET /phpmyadmin/index.php?lang=ru&collation_connection=utf8mb4_unicode_ci HTTP/1.1" 200 2354
::1 - - [05/Jul/2017:21:06:50 +0300] "GET /phpmyadmin/phpmyadmin.css.php?nocache=4496742143ltr HTTP/1.1" 200 20122
::1 - - [05/Jul/2017:21:06:50 +0300] "GET /phpmyadmin/favicon.ico HTTP/1.1" 200 22486
::1 - - [05/Jul/2017:21:07:00 +0300] "GET /phpmyadmin/index.php?token=39b10c89fda867483844d7501022b774&set_theme=pmahomme HTTP/1.1" 200 2354
::1 - - [05/Jul/2017:21:07:06 +0300] "GET /phpmyadmin/url.php?url=https%3A%2F%2Fdev.mysql.com%2Fdoc%2Frefman%2F5.5%2Fen%2Ferror-messages-server.html HTTP/1.1" 200 181
::1 - - [05/Jul/2017:21:47:35 +0300] "GET /phpmyadmin/index.php?token=39b10c89fda867483844d7501022b774&set_theme=pmahomme HTTP/1.1" 200 2355
::1 - - [05/Jul/2017:21:47:37 +0300] "GET /phpmyadmin/themes/pmahomme/jquery/jquery-ui.css HTTP/1.1" 200 36566
::1 - - [05/Jul/2017:21:47:37 +0300] "GET /phpmyadmin/js/codemirror/addon/hint/show-hint.css?v=4.7.2 HTTP/1.1" 200 623
::1 - - [05/Jul/2017:21:47:37 +0300] "GET /phpmyadmin/js/codemirror/lib/codemirror.css?v=4.7.2 HTTP/1.1" 200 8132
::1 - - [05/Jul/2017:21:47:37 +0300] "GET /phpmyadmin/js/codemirror/addon/lint/lint.css?v=4.7.2 HTTP/1.1" 200 2999
::1 - - [05/Jul/2017:21:47:37 +0300] "GET /phpmyadmin/phpmyadmin.css.php?nocache=4480828630ltr HTTP/1.1" 200 20122
::1 - - [05/Jul/2017:21:47:37 +0300] "GET /phpmyadmin/js/get_scripts.js.php?scripts%5B%5D=jquery/jquery.ba-hashchange-1.3.js&scripts%5B%5D=jquery/jquery.debounce-1.0.5.js&scripts%5B%5D=menu-resizer.js&scripts%5B%5D=cross_framing_protection.js&scripts%5B%5D=rte.js&scripts%5B%5D=tracekit/tracekit.js&scripts%5B%5D=error_report.js&scripts%5B%5D=config.js&scripts%5B%5D=doclinks.js&scripts%5B%5D=functions.js&v=4.7.2 HTTP/1.1" 200 77857
::1 - - [05/Jul/2017:21:47:37 +0300] "GET /phpmyadmin/js/get_scripts.js.php?scripts%5B%5D=jquery/jquery.min.js&scripts%5B%5D=jquery/jquery-migrate-3.0.0.js&scripts%5B%5D=sprintf.js&scripts%5B%5D=ajax.js&scripts%5B%5D=keyhandler.js&scripts%5B%5D=jquery/jquery-ui.min.js&scripts%5B%5D=jquery/jquery.cookie.js&scripts%5B%5D=jquery/jquery.mousewheel.js&scripts%5B%5D=jquery/jquery.event.drag-2.2.js&scripts%5B%5D=jquery/jquery-ui-timepicker-addon.js&v=4.7.2 HTTP/1.1" 200 138778
::1 - - [05/Jul/2017:21:47:37 +0300] "GET /phpmyadmin/js/get_scripts.js.php?scripts%5B%5D=navigation.js&scripts%5B%5D=indexes.js&scripts%5B%5D=common.js&scripts%5B%5D=page_settings.js&scripts%5B%5D=shortcuts_handler.js&scripts%5B%5D=codemirror/lib/codemirror.js&scripts%5B%5D=codemirror/mode/sql/sql.js&scripts%5B%5D=codemirror/addon/runmode/runmode.js&scripts%5B%5D=codemirror/addon/hint/show-hint.js&scripts%5B%5D=codemirror/addon/hint/sql-hint.js&v=4.7.2 HTTP/1.1" 200 135447
::1 - - [05/Jul/2017:21:47:37 +0300] "GET /phpmyadmin/js/get_scripts.js.php?scripts%5B%5D=codemirror/addon/lint/lint.js&scripts%5B%5D=codemirror/addon/lint/sql-lint.js&scripts%5B%5D=console.js&v=4.7.2 HTTP/1.1" 200 13114
::1 - - [05/Jul/2017:21:47:37 +0300] "GET /phpmyadmin/js/whitelist.php?v=4.7.2 HTTP/1.1" 200 475
::1 - - [05/Jul/2017:21:47:37 +0300] "GET /phpmyadmin/js/messages.php?v=4.7.2 HTTP/1.1" 200 11393
::1 - - [05/Jul/2017:21:47:39 +0300] "GET /phpmyadmin/themes/dot.gif HTTP/1.1" 200 43
::1 - - [05/Jul/2017:21:47:38 +0300] "GET /phpmyadmin/js/get_image.js.php?theme=pmahomme&v=4.7.2 HTTP/1.1" 200 1841
::1 - - [05/Jul/2017:21:47:39 +0300] "GET /phpmyadmin/themes/pmahomme/css/printview.css?v=4.7.2 HTTP/1.1" 200 2746
::1 - - [05/Jul/2017:21:47:39 +0300] "GET /phpmyadmin/themes/pmahomme/img/sprites.png?v=4.7.2 HTTP/1.1" 200 15764
::1 - - [05/Jul/2017:21:48:54 +0300] "GET /phpmyadmin/index.php?token=39b10c89fda867483844d7501022b774&set_theme=pmahomme HTTP/1.1" 200 14773
::1 - - [05/Jul/2017:21:48:55 +0300] "GET /phpmyadmin/phpmyadmin.css.php?nocache=5996025169ltr HTTP/1.1" 200 20122
::1 - - [05/Jul/2017:21:48:55 +0300] "GET /phpmyadmin/themes/pmahomme/img/logo_left.png HTTP/1.1" 200 3117
::1 - - [05/Jul/2017:21:48:55 +0300] "GET /phpmyadmin/themes/pmahomme/img/ajax_clock_small.gif HTTP/1.1" 200 1810
::1 - - [05/Jul/2017:21:48:55 +0300] "GET /phpmyadmin/themes/pmahomme/img/s_collapseall.png HTTP/1.1" 200 170
::1 - - [05/Jul/2017:21:48:56 +0300] "GET /phpmyadmin/themes/pmahomme/img/left_nav_bg.png HTTP/1.1" 200 257
::1 - - [05/Jul/2017:21:48:56 +0300] "POST /phpmyadmin/navigation.php?ajax_request=1 HTTP/1.1" 200 2321
::1 - - [05/Jul/2017:21:48:56 +0300] "POST /phpmyadmin/version_check.php HTTP/1.1" 200 64
::1 - - [05/Jul/2017:21:49:13 +0300] "GET /phpmyadmin/server_databases.php?db=&ajax_request=true&ajax_page_request=true&_nocache=1499280553778653708 HTTP/1.1" 200 6325
::1 - - [05/Jul/2017:21:49:14 +0300] "GET /phpmyadmin/themes/pmahomme/img/arrow_ltr.png HTTP/1.1" 200 139
::1 - - [05/Jul/2017:21:49:14 +0300] "GET /phpmyadmin/js/get_scripts.js.php?scripts%5B%5D=server_databases.js&call_done=1&v=4.7.2&call_done=1&v=4.7.2 HTTP/1.1" 200 2154
::1 - - [05/Jul/2017:21:49:25 +0300] "POST /phpmyadmin/server_databases.php HTTP/1.1" 200 1956
::1 - - [05/Jul/2017:21:49:25 +0300] "POST /phpmyadmin/navigation.php?ajax_request=1 HTTP/1.1" 200 2362
::1 - - [05/Jul/2017:21:49:25 +0300] "GET /phpmyadmin/db_structure.php?db=asutp&db=asutp&ajax_request=true&ajax_page_request=true&_nocache=1499280565863907766 HTTP/1.1" 200 3226
::1 - - [05/Jul/2017:21:49:26 +0300] "GET /phpmyadmin/navigation.php?ajax_request=1&aPath=cm9vdA%3D%3D.YXN1dHA%3D&vPath=cm9vdA%3D%3D.YXN1dHA%3D&pos=0&pos2_name=&pos2_value=&searchClause=&searchClause2=&_nocache=1499280566173651277 HTTP/1.1" 200 1583
::1 - - [05/Jul/2017:21:49:26 +0300] "GET /phpmyadmin/js/get_scripts.js.php?scripts%5B%5D=db_structure.js&scripts%5B%5D=tbl_change.js&call_done=1&v=4.7.2&call_done=1&v=4.7.2 HTTP/1.1" 200 10875
::1 - - [08/Jul/2017:14:36:18 +0300] "GET /phpmyadmin/index.php?token=39b10c89fda867483844d7501022b774&set_theme=pmahomme HTTP/1.1" 200 14814
::1 - - [08/Jul/2017:14:36:21 +0300] "GET /phpmyadmin/themes/pmahomme/jquery/jquery-ui.css HTTP/1.1" 200 36566
::1 - - [08/Jul/2017:14:36:21 +0300] "GET /phpmyadmin/js/codemirror/lib/codemirror.css?v=4.7.2 HTTP/1.1" 200 8132
::1 - - [08/Jul/2017:14:36:21 +0300] "GET /phpmyadmin/js/codemirror/addon/hint/show-hint.css?v=4.7.2 HTTP/1.1" 200 623
::1 - - [08/Jul/2017:14:36:21 +0300] "GET /phpmyadmin/js/codemirror/addon/lint/lint.css?v=4.7.2 HTTP/1.1" 200 2999
::1 - - [08/Jul/2017:14:36:21 +0300] "GET /phpmyadmin/js/get_scripts.js.php?scripts%5B%5D=jquery/jquery.ba-hashchange-1.3.js&scripts%5B%5D=jquery/jquery.debounce-1.0.5.js&scripts%5B%5D=menu-resizer.js&scripts%5B%5D=cross_framing_protection.js&scripts%5B%5D=rte.js&scripts%5B%5D=tracekit/tracekit.js&scripts%5B%5D=error_report.js&scripts%5B%5D=config.js&scripts%5B%5D=doclinks.js&scripts%5B%5D=functions.js&v=4.7.2 HTTP/1.1" 200 77857
::1 - - [08/Jul/2017:14:36:21 +0300] "GET /phpmyadmin/js/get_scripts.js.php?scripts%5B%5D=codemirror/addon/lint/lint.js&scripts%5B%5D=codemirror/addon/lint/sql-lint.js&scripts%5B%5D=console.js&v=4.7.2 HTTP/1.1" 200 13114
::1 - - [08/Jul/2017:14:36:21 +0300] "GET /phpmyadmin/js/get_scripts.js.php?scripts%5B%5D=navigation.js&scripts%5B%5D=indexes.js&scripts%5B%5D=common.js&scripts%5B%5D=page_settings.js&scripts%5B%5D=shortcuts_handler.js&scripts%5B%5D=codemirror/lib/codemirror.js&scripts%5B%5D=codemirror/mode/sql/sql.js&scripts%5B%5D=codemirror/addon/runmode/runmode.js&scripts%5B%5D=codemirror/addon/hint/show-hint.js&scripts%5B%5D=codemirror/addon/hint/sql-hint.js&v=4.7.2 HTTP/1.1" 200 135447
::1 - - [08/Jul/2017:14:36:21 +0300] "GET /phpmyadmin/js/get_scripts.js.php?scripts%5B%5D=jquery/jquery.min.js&scripts%5B%5D=jquery/jquery-migrate-3.0.0.js&scripts%5B%5D=sprintf.js&scripts%5B%5D=ajax.js&scripts%5B%5D=keyhandler.js&scripts%5B%5D=jquery/jquery-ui.min.js&scripts%5B%5D=jquery/jquery.cookie.js&scripts%5B%5D=jquery/jquery.mousewheel.js&scripts%5B%5D=jquery/jquery.event.drag-2.2.js&scripts%5B%5D=jquery/jquery-ui-timepicker-addon.js&v=4.7.2 HTTP/1.1" 200 138778
::1 - - [08/Jul/2017:14:36:21 +0300] "GET /phpmyadmin/phpmyadmin.css.php?nocache=5996258415ltr HTTP/1.1" 200 20122
::1 - - [08/Jul/2017:14:36:21 +0300] "GET /phpmyadmin/js/whitelist.php?v=4.7.2 HTTP/1.1" 200 475
::1 - - [08/Jul/2017:14:36:21 +0300] "GET /phpmyadmin/js/messages.php?v=4.7.2 HTTP/1.1" 200 11393
::1 - - [08/Jul/2017:14:36:21 +0300] "GET /phpmyadmin/js/get_image.js.php?theme=pmahomme&v=4.7.2 HTTP/1.1" 200 1841
::1 - - [08/Jul/2017:14:36:22 +0300] "GET /phpmyadmin/themes/pmahomme/img/logo_left.png HTTP/1.1" 200 3117
::1 - - [08/Jul/2017:14:36:22 +0300] "GET /phpmyadmin/themes/dot.gif HTTP/1.1" 200 43
::1 - - [08/Jul/2017:14:36:23 +0300] "GET /phpmyadmin/themes/pmahomme/img/ajax_clock_small.gif HTTP/1.1" 200 1810
::1 - - [08/Jul/2017:14:36:23 +0300] "GET /phpmyadmin/themes/pmahomme/img/s_collapseall.png HTTP/1.1" 200 170
::1 - - [08/Jul/2017:14:36:23 +0300] "GET /phpmyadmin/themes/pmahomme/css/printview.css?v=4.7.2 HTTP/1.1" 200 2746
::1 - - [08/Jul/2017:14:36:23 +0300] "GET /phpmyadmin/themes/pmahomme/img/left_nav_bg.png HTTP/1.1" 200 257
::1 - - [08/Jul/2017:14:36:23 +0300] "GET /phpmyadmin/themes/pmahomme/img/sprites.png?v=4.7.2 HTTP/1.1" 200 15764
::1 - - [08/Jul/2017:14:36:23 +0300] "POST /phpmyadmin/navigation.php?ajax_request=1 HTTP/1.1" 200 2361
::1 - - [08/Jul/2017:14:36:24 +0300] "GET / HTTP/1.1" 200 1072
::1 - - [08/Jul/2017:14:36:23 +0300] "POST /phpmyadmin/version_check.php HTTP/1.1" 200 64
::1 - - [08/Jul/2017:14:36:24 +0300] "GET /favicon.ico HTTP/1.1" 404 209
::1 - - [08/Jul/2017:14:36:35 +0300] "GET /phpmyadmin/db_structure.php?server=1&db=asutp&ajax_request=true&ajax_page_request=true&_nocache=1499513795581609453 HTTP/1.1" 200 3225
::1 - - [08/Jul/2017:14:36:36 +0300] "GET /phpmyadmin/js/get_scripts.js.php?scripts%5B%5D=db_structure.js&scripts%5B%5D=tbl_change.js&call_done=1&v=4.7.2&call_done=1&v=4.7.2 HTTP/1.1" 200 10875
::1 - - [08/Jul/2017:14:36:36 +0300] "GET /phpmyadmin/navigation.php?ajax_request=1&aPath=cm9vdA%3D%3D.YXN1dHA%3D&vPath=cm9vdA%3D%3D.YXN1dHA%3D&pos=0&pos2_name=&pos2_value=&searchClause=&searchClause2=&_nocache=1499513795975765612 HTTP/1.1" 200 1582
::1 - - [08/Jul/2017:14:36:37 +0300] "GET /phpmyadmin/db_sql.php?db=asutp&ajax_request=true&ajax_page_request=true&_nocache=1499513797804710479 HTTP/1.1" 200 5089
::1 - - [08/Jul/2017:14:36:38 +0300] "GET /phpmyadmin/js/get_scripts.js.php?scripts%5B%5D=makegrid.js&scripts%5B%5D=jquery/jquery.uitablefilter.js&scripts%5B%5D=sql.js&call_done=1&v=4.7.2&call_done=1&v=4.7.2 HTTP/1.1" 200 27236
::1 - - [08/Jul/2017:14:36:39 +0300] "GET /phpmyadmin/db_structure.php?db=asutp&ajax_request=true&ajax_page_request=true&_nocache=1499513799147648174 HTTP/1.1" 200 3225
::1 - - [08/Jul/2017:14:36:41 +0300] "GET /phpmyadmin/db_structure.php?server=1&db=asutp&ajax_request=true&ajax_page_request=true&_nocache=1499513801077156426 HTTP/1.1" 200 3225
::1 - - [08/Jul/2017:14:36:43 +0300] "GET /phpmyadmin/db_sql.php?db=asutp&ajax_request=true&ajax_page_request=true&_nocache=1499513803579980121 HTTP/1.1" 200 5089
::1 - - [08/Jul/2017:14:36:45 +0300] "GET /phpmyadmin/db_structure.php?server=1&db=information_schema&ajax_request=true&ajax_page_request=true&_nocache=1499513805503695645 HTTP/1.1" 200 13149
::1 - - [08/Jul/2017:14:36:46 +0300] "GET /phpmyadmin/themes/pmahomme/img/arrow_ltr.png HTTP/1.1" 200 139
::1 - - [08/Jul/2017:14:36:46 +0300] "GET /phpmyadmin/navigation.php?ajax_request=1&aPath=cm9vdA%3D%3D.aW5mb3JtYXRpb25fc2NoZW1h&vPath=cm9vdA%3D%3D.aW5mb3JtYXRpb25fc2NoZW1h&pos=0&pos2_name=&pos2_value=&searchClause=&searchClause2=&_nocache=1499513806385273578 HTTP/1.1" 200 3432
::1 - - [08/Jul/2017:14:36:49 +0300] "GET /phpmyadmin/db_sql.php?db=information_schema&ajax_request=true&ajax_page_request=true&_nocache=1499513809806719097 HTTP/1.1" 200 4814
::1 - - [08/Jul/2017:14:36:51 +0300] "GET /phpmyadmin/db_structure.php?db=information_schema&ajax_request=true&ajax_page_request=true&_nocache=149951381164161324 HTTP/1.1" 200 13150
::1 - - [08/Jul/2017:14:36:59 +0300] "GET /phpmyadmin/index.php?ajax_request=true&ajax_page_request=true&_nocache=1499513819337316554 HTTP/1.1" 200 7420
::1 - - [08/Jul/2017:14:36:59 +0300] "POST /phpmyadmin/version_check.php HTTP/1.1" 200 64
::1 - - [08/Jul/2017:14:37:03 +0300] "GET /phpmyadmin/prefs_manage.php?db=&ajax_request=true&ajax_page_request=true&_nocache=1499513823609769956 HTTP/1.1" 200 3204
::1 - - [08/Jul/2017:14:37:09 +0300] "GET /phpmyadmin/prefs_forms.php?form=Features&ajax_request=true&ajax_page_request=true&_nocache=1499513829291310123 HTTP/1.1" 200 7123
::1 - - [08/Jul/2017:14:39:18 +0300] "GET / HTTP/1.1" 200 1072
::1 - - [10/Jul/2017:17:17:00 +0300] "GET / HTTP/1.1" 200 1072
::1 - - [10/Jul/2017:17:17:00 +0300] "GET /favicon.ico HTTP/1.1" 404 209
::1 - - [10/Jul/2017:17:17:19 +0300] "GET /phpmyadmin/index.php?token=39b10c89fda867483844d7501022b774&set_theme=pmahomme HTTP/1.1" 200 14815
::1 - - [10/Jul/2017:17:17:22 +0300] "GET /phpmyadmin/themes/pmahomme/jquery/jquery-ui.css HTTP/1.1" 200 36566
::1 - - [10/Jul/2017:17:17:22 +0300] "GET /phpmyadmin/js/codemirror/lib/codemirror.css?v=4.7.2 HTTP/1.1" 200 8132
::1 - - [10/Jul/2017:17:17:22 +0300] "GET /phpmyadmin/js/codemirror/addon/hint/show-hint.css?v=4.7.2 HTTP/1.1" 200 623
::1 - - [10/Jul/2017:17:17:22 +0300] "GET /phpmyadmin/js/codemirror/addon/lint/lint.css?v=4.7.2 HTTP/1.1" 200 2999
::1 - - [10/Jul/2017:17:17:22 +0300] "GET /phpmyadmin/js/get_scripts.js.php?scripts%5B%5D=jquery/jquery.ba-hashchange-1.3.js&scripts%5B%5D=jquery/jquery.debounce-1.0.5.js&scripts%5B%5D=menu-resizer.js&scripts%5B%5D=cross_framing_protection.js&scripts%5B%5D=rte.js&scripts%5B%5D=tracekit/tracekit.js&scripts%5B%5D=error_report.js&scripts%5B%5D=config.js&scripts%5B%5D=doclinks.js&scripts%5B%5D=functions.js&v=4.7.2 HTTP/1.1" 200 77857
::1 - - [10/Jul/2017:17:17:22 +0300] "GET /phpmyadmin/js/get_scripts.js.php?scripts%5B%5D=navigation.js&scripts%5B%5D=indexes.js&scripts%5B%5D=common.js&scripts%5B%5D=page_settings.js&scripts%5B%5D=shortcuts_handler.js&scripts%5B%5D=codemirror/lib/codemirror.js&scripts%5B%5D=codemirror/mode/sql/sql.js&scripts%5B%5D=codemirror/addon/runmode/runmode.js&scripts%5B%5D=codemirror/addon/hint/show-hint.js&scripts%5B%5D=codemirror/addon/hint/sql-hint.js&v=4.7.2 HTTP/1.1" 200 135447
::1 - - [10/Jul/2017:17:17:22 +0300] "GET /phpmyadmin/js/get_scripts.js.php?scripts%5B%5D=codemirror/addon/lint/lint.js&scripts%5B%5D=codemirror/addon/lint/sql-lint.js&scripts%5B%5D=console.js&v=4.7.2 HTTP/1.1" 200 13114
::1 - - [10/Jul/2017:17:17:22 +0300] "GET /phpmyadmin/phpmyadmin.css.php?nocache=5996440876ltr HTTP/1.1" 200 20122
::1 - - [10/Jul/2017:17:17:22 +0300] "GET /phpmyadmin/js/get_scripts.js.php?scripts%5B%5D=jquery/jquery.min.js&scripts%5B%5D=jquery/jquery-migrate-3.0.0.js&scripts%5B%5D=sprintf.js&scripts%5B%5D=ajax.js&scripts%5B%5D=keyhandler.js&scripts%5B%5D=jquery/jquery-ui.min.js&scripts%5B%5D=jquery/jquery.cookie.js&scripts%5B%5D=jquery/jquery.mousewheel.js&scripts%5B%5D=jquery/jquery.event.drag-2.2.js&scripts%5B%5D=jquery/jquery-ui-timepicker-addon.js&v=4.7.2 HTTP/1.1" 200 138778
::1 - - [10/Jul/2017:17:17:22 +0300] "GET /phpmyadmin/js/whitelist.php?v=4.7.2 HTTP/1.1" 200 475
::1 - - [10/Jul/2017:17:17:23 +0300] "GET /phpmyadmin/js/messages.php?v=4.7.2 HTTP/1.1" 200 11393
::1 - - [10/Jul/2017:17:17:23 +0300] "GET /phpmyadmin/js/get_image.js.php?theme=pmahomme&v=4.7.2 HTTP/1.1" 200 1841
::1 - - [10/Jul/2017:17:17:24 +0300] "GET /phpmyadmin/themes/pmahomme/img/logo_left.png HTTP/1.1" 200 3117
::1 - - [10/Jul/2017:17:17:24 +0300] "GET /phpmyadmin/themes/dot.gif HTTP/1.1" 200 43
::1 - - [10/Jul/2017:17:17:24 +0300] "GET /phpmyadmin/themes/pmahomme/img/ajax_clock_small.gif HTTP/1.1" 200 1810
::1 - - [10/Jul/2017:17:17:24 +0300] "GET /phpmyadmin/themes/pmahomme/img/s_collapseall.png HTTP/1.1" 200 170
::1 - - [10/Jul/2017:17:17:24 +0300] "GET /phpmyadmin/themes/pmahomme/css/printview.css?v=4.7.2 HTTP/1.1" 200 2746
::1 - - [10/Jul/2017:17:17:24 +0300] "GET /phpmyadmin/themes/pmahomme/img/left_nav_bg.png HTTP/1.1" 200 257
::1 - - [10/Jul/2017:17:17:24 +0300] "GET /phpmyadmin/themes/pmahomme/img/sprites.png?v=4.7.2 HTTP/1.1" 200 15764
::1 - - [10/Jul/2017:17:17:24 +0300] "GET /phpmyadmin/favicon.ico HTTP/1.1" 200 22486
::1 - - [10/Jul/2017:17:17:24 +0300] "POST /phpmyadmin/navigation.php?ajax_request=1 HTTP/1.1" 200 2360
::1 - - [10/Jul/2017:17:17:24 +0300] "POST /phpmyadmin/version_check.php HTTP/1.1" 200 64
::1 - - [10/Jul/2017:17:19:19 +0300] "GET / HTTP/1.1" 200 1123
::1 - - [10/Jul/2017:17:25:12 +0300] "GET /phpmyadmin/server_import.php?db=&ajax_request=true&ajax_page_request=true&_nocache=1499696712433236784 HTTP/1.1" 200 7508
::1 - - [10/Jul/2017:17:25:13 +0300] "GET /phpmyadmin/js/get_scripts.js.php?scripts%5B%5D=import.js&call_done=1&v=4.7.2&call_done=1&v=4.7.2 HTTP/1.1" 200 1699
::1 - - [10/Jul/2017:17:25:26 +0300] "POST /phpmyadmin/import.php HTTP/1.1" 200 8850
::1 - - [10/Jul/2017:17:25:28 +0300] "POST /phpmyadmin/navigation.php?ajax_request=1 HTTP/1.1" 200 2363
::1 - - [10/Jul/2017:17:25:37 +0300] "GET /phpmyadmin/db_structure.php?server=1&db=asutp&ajax_request=true&ajax_page_request=true&_nocache=1499696737248681218 HTTP/1.1" 200 3227
::1 - - [10/Jul/2017:17:25:37 +0300] "GET /phpmyadmin/navigation.php?ajax_request=1&aPath=cm9vdA%3D%3D.YXN1dHA%3D&vPath=cm9vdA%3D%3D.YXN1dHA%3D&pos=0&pos2_name=&pos2_value=&searchClause=&searchClause2=&_nocache=1499696737669260108 HTTP/1.1" 200 1584
::1 - - [10/Jul/2017:17:25:37 +0300] "GET /phpmyadmin/js/get_scripts.js.php?scripts%5B%5D=db_structure.js&scripts%5B%5D=tbl_change.js&call_done=1&v=4.7.2&call_done=1&v=4.7.2 HTTP/1.1" 200 10875
::1 - - [10/Jul/2017:17:25:41 +0300] "GET /phpmyadmin/db_structure.php?server=1&db=information_schema&ajax_request=true&ajax_page_request=true&_nocache=1499696741797351450 HTTP/1.1" 200 13152
::1 - - [10/Jul/2017:17:25:42 +0300] "GET /phpmyadmin/themes/pmahomme/img/arrow_ltr.png HTTP/1.1" 200 139
::1 - - [10/Jul/2017:17:25:42 +0300] "GET /phpmyadmin/navigation.php?ajax_request=1&aPath=cm9vdA%3D%3D.aW5mb3JtYXRpb25fc2NoZW1h&vPath=cm9vdA%3D%3D.aW5mb3JtYXRpb25fc2NoZW1h&pos=0&pos2_name=&pos2_value=&searchClause=&searchClause2=&_nocache=1499696742267902470 HTTP/1.1" 200 3433
::1 - - [10/Jul/2017:17:25:45 +0300] "GET /phpmyadmin/db_structure.php?server=1&db=asutp&ajax_request=true&ajax_page_request=true&_nocache=1499696745888152703 HTTP/1.1" 200 3227
::1 - - [10/Jul/2017:17:26:09 +0300] "GET /phpmyadmin/db_structure.php?server=1&db=asutp&ajax_request=true&ajax_page_request=true&_nocache=1499696769817353397 HTTP/1.1" 200 3227
::1 - - [10/Jul/2017:17:26:14 +0300] "GET /phpmyadmin/db_sql.php?db=asutp&ajax_request=true&ajax_page_request=true&_nocache=149969677449589628 HTTP/1.1" 200 5093
::1 - - [10/Jul/2017:17:26:14 +0300] "GET /phpmyadmin/js/get_scripts.js.php?scripts%5B%5D=makegrid.js&scripts%5B%5D=jquery/jquery.uitablefilter.js&scripts%5B%5D=sql.js&call_done=1&v=4.7.2&call_done=1&v=4.7.2 HTTP/1.1" 200 27236
::1 - - [10/Jul/2017:17:26:16 +0300] "GET /phpmyadmin/db_search.php?db=asutp&ajax_request=true&ajax_page_request=true&_nocache=149969677688239753 HTTP/1.1" 200 2701
::1 - - [10/Jul/2017:17:26:17 +0300] "GET /phpmyadmin/js/get_scripts.js.php?scripts%5B%5D=db_search.js&call_done=1&v=4.7.2&call_done=1&v=4.7.2 HTTP/1.1" 200 2136
::1 - - [10/Jul/2017:17:26:17 +0300] "GET /phpmyadmin/db_qbe.php?db=asutp&ajax_request=true&ajax_page_request=true&_nocache=1499696777860727096 HTTP/1.1" 200 1661
::1 - - [10/Jul/2017:17:26:19 +0300] "GET /phpmyadmin/db_export.php?db=asutp&ajax_request=true&ajax_page_request=true&_nocache=1499696779006689288 HTTP/1.1" 200 8024
::1 - - [10/Jul/2017:17:26:19 +0300] "GET /phpmyadmin/js/get_scripts.js.php?scripts%5B%5D=export.js&call_done=1&v=4.7.2&call_done=1&v=4.7.2 HTTP/1.1" 200 6322
::1 - - [10/Jul/2017:17:26:19 +0300] "GET /phpmyadmin/db_import.php?db=asutp&ajax_request=true&ajax_page_request=true&_nocache=149969677986757684 HTTP/1.1" 200 7571
::1 - - [10/Jul/2017:17:26:23 +0300] "GET /phpmyadmin/db_operations.php?db=asutp&ajax_request=true&ajax_page_request=true&_nocache=1499696783150232051 HTTP/1.1" 200 6172
::1 - - [10/Jul/2017:17:26:23 +0300] "GET /phpmyadmin/js/get_scripts.js.php?scripts%5B%5D=db_operations.js&call_done=1&v=4.7.2&call_done=1&v=4.7.2 HTTP/1.1" 200 1524
::1 - - [10/Jul/2017:17:26:25 +0300] "GET /phpmyadmin/themes/pmahomme/jquery/images/ui-bg_glass_75_dadada_1x400.png HTTP/1.1" 200 127
::1 - - [10/Jul/2017:17:26:25 +0300] "GET /phpmyadmin/themes/pmahomme/jquery/images/ui-bg_highlight-soft_75_cccccc_1x100.png HTTP/1.1" 200 123
::1 - - [10/Jul/2017:17:26:25 +0300] "GET /phpmyadmin/themes/pmahomme/jquery/images/ui-icons_888888_256x240.png HTTP/1.1" 200 4262
::1 - - [10/Jul/2017:17:26:25 +0300] "GET /phpmyadmin/themes/pmahomme/jquery/images/ui-icons_222222_256x240.png HTTP/1.1" 200 4262
::1 - - [10/Jul/2017:17:26:25 +0300] "GET /phpmyadmin/themes/pmahomme/jquery/images/ui-bg_glass_75_e6e6e6_1x400.png HTTP/1.1" 200 121
::1 - - [10/Jul/2017:17:26:26 +0300] "GET /phpmyadmin/themes/pmahomme/jquery/images/ui-bg_glass_65_ffffff_1x400.png HTTP/1.1" 200 74
::1 - - [10/Jul/2017:17:26:26 +0300] "POST /phpmyadmin/sql.php?sql_query=DROP+DATABASE+%60asutp%60&back=db_operations.php&goto=index.php&reload=1&purge=1&message_to_show=%D0%91%D0%B0%D0%B7%D0%B0+%D0%B4%D0%B0%D0%BD%D0%BD%D1%8B%D1%85+%60asutp%60+%D0%B1%D1%8B%D0%BB%D0%B0+%D1%83%D0%B4%D0%B0%D0%BB%D0%B5%D0%BD%D0%B0. HTTP/1.1" 200 2031
::1 - - [10/Jul/2017:17:26:27 +0300] "POST /phpmyadmin/navigation.php?ajax_request=1 HTTP/1.1" 200 2322
::1 - - [10/Jul/2017:17:26:27 +0300] "GET /phpmyadmin/server_databases.php?server=1&db=&table=&ajax_request=true&ajax_page_request=true&_nocache=1499696787228490760 HTTP/1.1" 200 6329
::1 - - [10/Jul/2017:17:26:27 +0300] "GET /phpmyadmin/js/get_scripts.js.php?scripts%5B%5D=server_databases.js&call_done=1&v=4.7.2&call_done=1&v=4.7.2 HTTP/1.1" 200 2154
::1 - - [10/Jul/2017:17:26:31 +0300] "GET /phpmyadmin/server_databases.php?server=1&ajax_request=true&ajax_page_request=true&_nocache=1499696791887112474 HTTP/1.1" 200 6329
::1 - - [10/Jul/2017:17:26:42 +0300] "GET /phpmyadmin/server_import.php?db=&ajax_request=true&ajax_page_request=true&_nocache=1499696802507985519 HTTP/1.1" 200 7512
::1 - - [10/Jul/2017:17:26:54 +0300] "POST /phpmyadmin/import.php HTTP/1.1" 200 8803
::1 - - [10/Jul/2017:17:26:55 +0300] "POST /phpmyadmin/navigation.php?ajax_request=1 HTTP/1.1" 200 2322
::1 - - [10/Jul/2017:17:26:59 +0300] "GET /phpmyadmin/url.php?url=https%3A%2F%2Fdev.mysql.com%2Fdoc%2Frefman%2F5.7%2Fen%2Ferror-messages-server.html HTTP/1.1" 200 181
::1 - - [10/Jul/2017:17:34:50 +0300] "GET /phpmyadmin/server_databases.php?server=1&ajax_request=true&ajax_page_request=true&_nocache=1499697290802184335 HTTP/1.1" 200 6329
::1 - - [10/Jul/2017:17:35:13 +0300] "POST /phpmyadmin/server_databases.php HTTP/1.1" 200 1959
::1 - - [10/Jul/2017:17:35:13 +0300] "POST /phpmyadmin/navigation.php?ajax_request=1 HTTP/1.1" 200 2363
::1 - - [10/Jul/2017:17:35:13 +0300] "GET /phpmyadmin/db_structure.php?db=asutp&db=asutp&ajax_request=true&ajax_page_request=true&_nocache=14996973133995254 HTTP/1.1" 200 3227
::1 - - [10/Jul/2017:17:35:13 +0300] "GET /phpmyadmin/navigation.php?ajax_request=1&aPath=cm9vdA%3D%3D.YXN1dHA%3D&vPath=cm9vdA%3D%3D.YXN1dHA%3D&pos=0&pos2_name=&pos2_value=&searchClause=&searchClause2=&_nocache=1499697313584991570 HTTP/1.1" 200 1584
::1 - - [10/Jul/2017:17:36:40 +0300] "GET /phpmyadmin/db_import.php?db=asutp&ajax_request=true&ajax_page_request=true&_nocache=149969740012799820 HTTP/1.1" 200 7572
::1 - - [10/Jul/2017:17:37:11 +0300] "POST /phpmyadmin/import.php HTTP/1.1" 200 8875
::1 - - [10/Jul/2017:17:37:13 +0300] "POST /phpmyadmin/navigation.php?ajax_request=1 HTTP/1.1" 200 2757
::1 - - [10/Jul/2017:17:37:33 +0300] "GET / HTTP/1.1" 200 24410
::1 - - [10/Jul/2017:17:37:33 +0300] "GET /js/scripts.js HTTP/1.1" 200 2298
::1 - - [10/Jul/2017:17:37:39 +0300] "GET /shops&locs_list.php HTTP/1.1" 200 4872
::1 - - [10/Jul/2017:17:37:40 +0300] "GET /css/style.css HTTP/1.1" 200 251
::1 - - [10/Jul/2017:17:37:41 +0300] "GET /view_s_l.php?id=11&table=shops&id_name=id_shop HTTP/1.1" 200 2834
::1 - - [10/Jul/2017:17:37:43 +0300] "GET /shops&locs_list.php HTTP/1.1" 200 4872
::1 - - [10/Jul/2017:17:37:46 +0300] "GET /index.php HTTP/1.1" 200 24410
::1 - - [10/Jul/2017:17:37:47 +0300] "GET /edit_record.php HTTP/1.1" 200 4853
::1 - - [10/Jul/2017:17:37:49 +0300] "GET /index.php HTTP/1.1" 200 24410
::1 - - [11/Jul/2017:22:13:34 +0300] "GET / HTTP/1.1" 200 24410
::1 - - [11/Jul/2017:22:13:38 +0300] "GET /js/scripts.js HTTP/1.1" 200 2298
::1 - - [11/Jul/2017:22:13:39 +0300] "GET /favicon.ico HTTP/1.1" 404 209
::1 - - [17/Jul/2017:17:52:15 +0300] "GET / HTTP/1.1" 200 35
::1 - - [17/Jul/2017:17:52:15 +0300] "GET /favicon.ico HTTP/1.1" 404 209
::1 - - [17/Jul/2017:17:52:16 +0300] "GET /bsz HTTP/1.1" 301 229
::1 - - [17/Jul/2017:17:52:16 +0300] "GET /bsz/ HTTP/1.1" 200 24410
::1 - - [17/Jul/2017:17:52:16 +0300] "GET /bsz/js/scripts.js HTTP/1.1" 200 2298
::1 - - [17/Jul/2017:17:52:31 +0300] "GET /phpmyadmin/index.php?token=39b10c89fda867483844d7501022b774&set_theme=pmahomme HTTP/1.1" 200 14815
::1 - - [17/Jul/2017:17:52:34 +0300] "GET /phpmyadmin/themes/pmahomme/jquery/jquery-ui.css HTTP/1.1" 200 36566
::1 - - [17/Jul/2017:17:52:34 +0300] "GET /phpmyadmin/js/codemirror/addon/hint/show-hint.css?v=4.7.2 HTTP/1.1" 200 623
::1 - - [17/Jul/2017:17:52:34 +0300] "GET /phpmyadmin/js/codemirror/lib/codemirror.css?v=4.7.2 HTTP/1.1" 200 8132
::1 - - [17/Jul/2017:17:52:34 +0300] "GET /phpmyadmin/js/codemirror/addon/lint/lint.css?v=4.7.2 HTTP/1.1" 200 2999
::1 - - [17/Jul/2017:17:52:34 +0300] "GET /phpmyadmin/js/get_scripts.js.php?scripts%5B%5D=codemirror/addon/lint/lint.js&scripts%5B%5D=codemirror/addon/lint/sql-lint.js&scripts%5B%5D=console.js&v=4.7.2 HTTP/1.1" 200 13114
::1 - - [17/Jul/2017:17:52:34 +0300] "GET /phpmyadmin/js/get_scripts.js.php?scripts%5B%5D=jquery/jquery.ba-hashchange-1.3.js&scripts%5B%5D=jquery/jquery.debounce-1.0.5.js&scripts%5B%5D=menu-resizer.js&scripts%5B%5D=cross_framing_protection.js&scripts%5B%5D=rte.js&scripts%5B%5D=tracekit/tracekit.js&scripts%5B%5D=error_report.js&scripts%5B%5D=config.js&scripts%5B%5D=doclinks.js&scripts%5B%5D=functions.js&v=4.7.2 HTTP/1.1" 200 77857
::1 - - [17/Jul/2017:17:52:34 +0300] "GET /phpmyadmin/phpmyadmin.css.php?nocache=5997047788ltr HTTP/1.1" 200 20122
::1 - - [17/Jul/2017:17:52:34 +0300] "GET /phpmyadmin/js/get_scripts.js.php?scripts%5B%5D=navigation.js&scripts%5B%5D=indexes.js&scripts%5B%5D=common.js&scripts%5B%5D=page_settings.js&scripts%5B%5D=shortcuts_handler.js&scripts%5B%5D=codemirror/lib/codemirror.js&scripts%5B%5D=codemirror/mode/sql/sql.js&scripts%5B%5D=codemirror/addon/runmode/runmode.js&scripts%5B%5D=codemirror/addon/hint/show-hint.js&scripts%5B%5D=codemirror/addon/hint/sql-hint.js&v=4.7.2 HTTP/1.1" 200 135447
::1 - - [17/Jul/2017:17:52:34 +0300] "GET /phpmyadmin/js/get_scripts.js.php?scripts%5B%5D=jquery/jquery.min.js&scripts%5B%5D=jquery/jquery-migrate-3.0.0.js&scripts%5B%5D=sprintf.js&scripts%5B%5D=ajax.js&scripts%5B%5D=keyhandler.js&scripts%5B%5D=jquery/jquery-ui.min.js&scripts%5B%5D=jquery/jquery.cookie.js&scripts%5B%5D=jquery/jquery.mousewheel.js&scripts%5B%5D=jquery/jquery.event.drag-2.2.js&scripts%5B%5D=jquery/jquery-ui-timepicker-addon.js&v=4.7.2 HTTP/1.1" 200 138778
::1 - - [17/Jul/2017:17:52:34 +0300] "GET /phpmyadmin/js/whitelist.php?v=4.7.2 HTTP/1.1" 200 475
::1 - - [17/Jul/2017:17:52:34 +0300] "GET /phpmyadmin/js/messages.php?v=4.7.2 HTTP/1.1" 200 11393
::1 - - [17/Jul/2017:17:52:34 +0300] "GET /phpmyadmin/js/get_image.js.php?theme=pmahomme&v=4.7.2 HTTP/1.1" 200 1841
::1 - - [17/Jul/2017:17:52:35 +0300] "GET /phpmyadmin/themes/pmahomme/img/logo_left.png HTTP/1.1" 200 3117
::1 - - [17/Jul/2017:17:52:35 +0300] "GET /phpmyadmin/themes/dot.gif HTTP/1.1" 200 43
::1 - - [17/Jul/2017:17:52:35 +0300] "GET /phpmyadmin/themes/pmahomme/img/ajax_clock_small.gif HTTP/1.1" 200 1810
::1 - - [17/Jul/2017:17:52:36 +0300] "GET /phpmyadmin/themes/pmahomme/img/s_collapseall.png HTTP/1.1" 200 170
::1 - - [17/Jul/2017:17:52:36 +0300] "GET /phpmyadmin/themes/pmahomme/css/printview.css?v=4.7.2 HTTP/1.1" 200 2746
::1 - - [17/Jul/2017:17:52:36 +0300] "GET /phpmyadmin/themes/pmahomme/img/left_nav_bg.png HTTP/1.1" 200 257
::1 - - [17/Jul/2017:17:52:36 +0300] "GET /phpmyadmin/themes/pmahomme/img/sprites.png?v=4.7.2 HTTP/1.1" 200 15764
::1 - - [17/Jul/2017:17:52:36 +0300] "GET /phpmyadmin/favicon.ico HTTP/1.1" 200 22486
::1 - - [17/Jul/2017:17:52:36 +0300] "POST /phpmyadmin/version_check.php HTTP/1.1" 200 64
::1 - - [17/Jul/2017:17:52:36 +0300] "POST /phpmyadmin/navigation.php?ajax_request=1 HTTP/1.1" 200 2360
::1 - - [17/Jul/2017:18:07:18 +0300] "GET / HTTP/1.1" 200 35
::1 - - [17/Jul/2017:18:07:22 +0300] "GET /phpmyadmin/index.php?token=39b10c89fda867483844d7501022b774&set_theme=pmahomme HTTP/1.1" 200 14815
::1 - - [17/Jul/2017:18:07:23 +0300] "POST /phpmyadmin/navigation.php?ajax_request=1 HTTP/1.1" 200 2360
::1 - - [17/Jul/2017:18:07:23 +0300] "POST /phpmyadmin/version_check.php HTTP/1.1" 200 64
::1 - - [17/Jul/2017:18:07:26 +0300] "GET /phpmyadmin/db_structure.php?server=1&db=asutp&ajax_request=true&ajax_page_request=true&_nocache=1500304046208409360 HTTP/1.1" 200 6348
::1 - - [17/Jul/2017:18:07:27 +0300] "GET /phpmyadmin/themes/pmahomme/img/arrow_ltr.png HTTP/1.1" 200 139
::1 - - [17/Jul/2017:18:07:27 +0300] "GET /phpmyadmin/navigation.php?ajax_request=1&aPath=cm9vdA%3D%3D.YXN1dHA%3D&vPath=cm9vdA%3D%3D.YXN1dHA%3D&pos=0&pos2_name=&pos2_value=&searchClause=&searchClause2=&_nocache=1500304047202193906 HTTP/1.1" 200 2084
::1 - - [17/Jul/2017:18:07:27 +0300] "GET /phpmyadmin/js/get_scripts.js.php?scripts%5B%5D=db_structure.js&scripts%5B%5D=tbl_change.js&call_done=1&v=4.7.2&call_done=1&v=4.7.2 HTTP/1.1" 200 10875
::1 - - [17/Jul/2017:18:07:33 +0300] "GET /phpmyadmin/db_export.php?db=asutp&ajax_request=true&ajax_page_request=true&_nocache=1500304053059366612 HTTP/1.1" 200 14784
::1 - - [17/Jul/2017:18:07:34 +0300] "GET /phpmyadmin/js/get_scripts.js.php?scripts%5B%5D=export.js&call_done=1&v=4.7.2&call_done=1&v=4.7.2 HTTP/1.1" 200 6322
::1 - - [17/Jul/2017:18:07:34 +0300] "GET /phpmyadmin/themes/pmahomme/jquery/images/ui-bg_glass_75_e6e6e6_1x400.png HTTP/1.1" 200 121
::1 - - [17/Jul/2017:18:07:48 +0300] "POST /phpmyadmin/export.php HTTP/1.1" 200 6599
::1 - - [17/Jul/2017:18:09:01 +0300] "GET / HTTP/1.1" 304 -
::1 - - [17/Jul/2017:18:09:02 +0300] "GET /bsz/ HTTP/1.1" 200 24410
